SF:C:\Users\s2010\Me\Codes\Rust\wgpu-3dgs-editor\src\buffer\modifier.rs
FN:42,_RNvMNtNtCshvc1CuooLOl_16wgpu_3dgs_editor6buffer8modifierNtB2_25BasicColorModifiersBuffer15update_with_pod
FN:15,_RNvMNtNtCshvc1CuooLOl_16wgpu_3dgs_editor6buffer8modifierNtB2_25BasicColorModifiersBuffer3new
FN:26,_RNvMNtNtCshvc1CuooLOl_16wgpu_3dgs_editor6buffer8modifierNtB2_25BasicColorModifiersBuffer6update
FN:92,_RNvMs3_NtNtCshvc1CuooLOl_16wgpu_3dgs_editor6buffer8modifierNtB5_38BasicColorRgbOverrideOrHsvModifiersPod15is_rgb_override
FN:97,_RNvMs3_NtNtCshvc1CuooLOl_16wgpu_3dgs_editor6buffer8modifierNtB5_38BasicColorRgbOverrideOrHsvModifiersPod16is_hsv_modifiers
FN:82,_RNvMs3_NtNtCshvc1CuooLOl_16wgpu_3dgs_editor6buffer8modifierNtB5_38BasicColorRgbOverrideOrHsvModifiersPod16new_rgb_override
FN:87,_RNvMs3_NtNtCshvc1CuooLOl_16wgpu_3dgs_editor6buffer8modifierNtB5_38BasicColorRgbOverrideOrHsvModifiersPod17new_hsv_modifiers
FN:102,_RNvMs3_NtNtCshvc1CuooLOl_16wgpu_3dgs_editor6buffer8modifierNtB5_38BasicColorRgbOverrideOrHsvModifiersPod8get_vec3
FN:125,_RNvMs4_NtNtCshvc1CuooLOl_16wgpu_3dgs_editor6buffer8modifierNtB5_22BasicColorModifiersPod3new
FN:164,_RNvMs6_NtNtCshvc1CuooLOl_16wgpu_3dgs_editor6buffer8modifierNtB5_20TransformFlagsBuffer3new
FN:176,_RNvMs6_NtNtCshvc1CuooLOl_16wgpu_3dgs_editor6buffer8modifierNtB5_20TransformFlagsBuffer6update
FN:241,_RNvMsb_NtNtCshvc1CuooLOl_16wgpu_3dgs_editor6buffer8modifierNtB5_14RotScaleBuffer15update_with_pod
FN:225,_RNvMsb_NtNtCshvc1CuooLOl_16wgpu_3dgs_editor6buffer8modifierNtB5_14RotScaleBuffer3new
FN:236,_RNvMsb_NtNtCshvc1CuooLOl_16wgpu_3dgs_editor6buffer8modifierNtB5_14RotScaleBuffer6update
FN:280,_RNvMsg_NtNtCshvc1CuooLOl_16wgpu_3dgs_editor6buffer8modifierNtB5_11RotScalePod3new
FN:62,_RNvXs1_NtNtCshvc1CuooLOl_16wgpu_3dgs_editor6buffer8modifierNtB5_25BasicColorModifiersBufferINtNtCsmHtFwzCQ9E_4core7convert7TryFromNtNtNtCsVvIoe5iocD_4wgpu3api6buffer6BufferE8try_from
FN:144,_RNvXs5_NtNtCshvc1CuooLOl_16wgpu_3dgs_editor6buffer8modifierNtB5_22BasicColorModifiersPodNtNtCsmHtFwzCQ9E_4core7default7Default7default
FN:182,_RNvXs7_NtNtCshvc1CuooLOl_16wgpu_3dgs_editor6buffer8modifierNtB5_20TransformFlagsBufferNtNtCs4s5mMxNcd3_14wgpu_3dgs_core6buffer13BufferWrapper6buffer
FN:196,_RNvXs9_NtNtCshvc1CuooLOl_16wgpu_3dgs_editor6buffer8modifierNtB5_20TransformFlagsBufferINtNtCsmHtFwzCQ9E_4core7convert7TryFromNtNtNtCsVvIoe5iocD_4wgpu3api6buffer6BufferE8try_from
FN:48,_RNvXs_NtNtCshvc1CuooLOl_16wgpu_3dgs_editor6buffer8modifierNtB4_25BasicColorModifiersBufferNtNtCs4s5mMxNcd3_14wgpu_3dgs_core6buffer13BufferWrapper6buffer
FN:247,_RNvXsc_NtNtCshvc1CuooLOl_16wgpu_3dgs_editor6buffer8modifierNtB5_14RotScaleBufferNtNtCs4s5mMxNcd3_14wgpu_3dgs_core6buffer13BufferWrapper6buffer
FN:261,_RNvXse_NtNtCshvc1CuooLOl_16wgpu_3dgs_editor6buffer8modifierNtB5_14RotScaleBufferINtNtCsmHtFwzCQ9E_4core7convert7TryFromNtNtNtCsVvIoe5iocD_4wgpu3api6buffer6BufferE8try_from
FN:289,_RNvXsh_NtNtCshvc1CuooLOl_16wgpu_3dgs_editor6buffer8modifierNtB5_11RotScalePodNtNtCsmHtFwzCQ9E_4core7default7Default7default
FN:54,_RNvXs0_NtNtCshvc1CuooLOl_16wgpu_3dgs_editor6buffer8modifierNtNtNtCsVvIoe5iocD_4wgpu3api6buffer6BufferINtNtCsmHtFwzCQ9E_4core7convert4FromNtB5_25BasicColorModifiersBufferE4from
FN:188,_RNvXs8_NtNtCshvc1CuooLOl_16wgpu_3dgs_editor6buffer8modifierNtNtNtCsVvIoe5iocD_4wgpu3api6buffer6BufferINtNtCsmHtFwzCQ9E_4core7convert4FromNtB5_20TransformFlagsBufferE4from
FN:253,_RNvXsd_NtNtCshvc1CuooLOl_16wgpu_3dgs_editor6buffer8modifierNtNtNtCsVvIoe5iocD_4wgpu3api6buffer6BufferINtNtCsmHtFwzCQ9E_4core7convert4FromNtB5_14RotScaleBufferE4from
FN:63,_RNCNvXs1_NtNtCshvc1CuooLOl_16wgpu_3dgs_editor6buffer8modifierNtB7_25BasicColorModifiersBufferINtNtCsmHtFwzCQ9E_4core7convert7TryFromNtNtNtCsVvIoe5iocD_4wgpu3api6buffer6BufferE8try_from0Bb_
FN:197,_RNCNvXs9_NtNtCshvc1CuooLOl_16wgpu_3dgs_editor6buffer8modifierNtB7_20TransformFlagsBufferINtNtCsmHtFwzCQ9E_4core7convert7TryFromNtNtNtCsVvIoe5iocD_4wgpu3api6buffer6BufferE8try_from0Bb_
FN:262,_RNCNvXse_NtNtCshvc1CuooLOl_16wgpu_3dgs_editor6buffer8modifierNtB7_14RotScaleBufferINtNtCsmHtFwzCQ9E_4core7convert7TryFromNtNtNtCsVvIoe5iocD_4wgpu3api6buffer6BufferE8try_from0Bb_
FN:63,_RNCNvXs1_NtNtCsfRa0hmhSDV_16wgpu_3dgs_editor6buffer8modifierNtB7_25BasicColorModifiersBufferINtNtCsmHtFwzCQ9E_4core7convert7TryFromNtNtNtCsVvIoe5iocD_4wgpu3api6buffer6BufferE8try_from0Bb_
FN:197,_RNCNvXs9_NtNtCsfRa0hmhSDV_16wgpu_3dgs_editor6buffer8modifierNtB7_20TransformFlagsBufferINtNtCsmHtFwzCQ9E_4core7convert7TryFromNtNtNtCsVvIoe5iocD_4wgpu3api6buffer6BufferE8try_from0Bb_
FN:262,_RNCNvXse_NtNtCsfRa0hmhSDV_16wgpu_3dgs_editor6buffer8modifierNtB7_14RotScaleBufferINtNtCsmHtFwzCQ9E_4core7convert7TryFromNtNtNtCsVvIoe5iocD_4wgpu3api6buffer6BufferE8try_from0Bb_
FN:42,_RNvMNtNtCsfRa0hmhSDV_16wgpu_3dgs_editor6buffer8modifierNtB2_25BasicColorModifiersBuffer15update_with_pod
FN:15,_RNvMNtNtCsfRa0hmhSDV_16wgpu_3dgs_editor6buffer8modifierNtB2_25BasicColorModifiersBuffer3new
FN:26,_RNvMNtNtCsfRa0hmhSDV_16wgpu_3dgs_editor6buffer8modifierNtB2_25BasicColorModifiersBuffer6update
FN:92,_RNvMs3_NtNtCsfRa0hmhSDV_16wgpu_3dgs_editor6buffer8modifierNtB5_38BasicColorRgbOverrideOrHsvModifiersPod15is_rgb_override
FN:97,_RNvMs3_NtNtCsfRa0hmhSDV_16wgpu_3dgs_editor6buffer8modifierNtB5_38BasicColorRgbOverrideOrHsvModifiersPod16is_hsv_modifiers
FN:82,_RNvMs3_NtNtCsfRa0hmhSDV_16wgpu_3dgs_editor6buffer8modifierNtB5_38BasicColorRgbOverrideOrHsvModifiersPod16new_rgb_override
FN:87,_RNvMs3_NtNtCsfRa0hmhSDV_16wgpu_3dgs_editor6buffer8modifierNtB5_38BasicColorRgbOverrideOrHsvModifiersPod17new_hsv_modifiers
FN:102,_RNvMs3_NtNtCsfRa0hmhSDV_16wgpu_3dgs_editor6buffer8modifierNtB5_38BasicColorRgbOverrideOrHsvModifiersPod8get_vec3
FN:125,_RNvMs4_NtNtCsfRa0hmhSDV_16wgpu_3dgs_editor6buffer8modifierNtB5_22BasicColorModifiersPod3new
FN:164,_RNvMs6_NtNtCsfRa0hmhSDV_16wgpu_3dgs_editor6buffer8modifierNtB5_20TransformFlagsBuffer3new
FN:176,_RNvMs6_NtNtCsfRa0hmhSDV_16wgpu_3dgs_editor6buffer8modifierNtB5_20TransformFlagsBuffer6update
FN:241,_RNvMsb_NtNtCsfRa0hmhSDV_16wgpu_3dgs_editor6buffer8modifierNtB5_14RotScaleBuffer15update_with_pod
FN:225,_RNvMsb_NtNtCsfRa0hmhSDV_16wgpu_3dgs_editor6buffer8modifierNtB5_14RotScaleBuffer3new
FN:236,_RNvMsb_NtNtCsfRa0hmhSDV_16wgpu_3dgs_editor6buffer8modifierNtB5_14RotScaleBuffer6update
FN:280,_RNvMsg_NtNtCsfRa0hmhSDV_16wgpu_3dgs_editor6buffer8modifierNtB5_11RotScalePod3new
FN:54,_RNvXs0_NtNtCsfRa0hmhSDV_16wgpu_3dgs_editor6buffer8modifierNtNtNtCsVvIoe5iocD_4wgpu3api6buffer6BufferINtNtCsmHtFwzCQ9E_4core7convert4FromNtB5_25BasicColorModifiersBufferE4from
FN:62,_RNvXs1_NtNtCsfRa0hmhSDV_16wgpu_3dgs_editor6buffer8modifierNtB5_25BasicColorModifiersBufferINtNtCsmHtFwzCQ9E_4core7convert7TryFromNtNtNtCsVvIoe5iocD_4wgpu3api6buffer6BufferE8try_from
FN:144,_RNvXs5_NtNtCsfRa0hmhSDV_16wgpu_3dgs_editor6buffer8modifierNtB5_22BasicColorModifiersPodNtNtCsmHtFwzCQ9E_4core7default7Default7default
FN:182,_RNvXs7_NtNtCsfRa0hmhSDV_16wgpu_3dgs_editor6buffer8modifierNtB5_20TransformFlagsBufferNtNtCs4s5mMxNcd3_14wgpu_3dgs_core6buffer13BufferWrapper6buffer
FN:188,_RNvXs8_NtNtCsfRa0hmhSDV_16wgpu_3dgs_editor6buffer8modifierNtNtNtCsVvIoe5iocD_4wgpu3api6buffer6BufferINtNtCsmHtFwzCQ9E_4core7convert4FromNtB5_20TransformFlagsBufferE4from
FN:196,_RNvXs9_NtNtCsfRa0hmhSDV_16wgpu_3dgs_editor6buffer8modifierNtB5_20TransformFlagsBufferINtNtCsmHtFwzCQ9E_4core7convert7TryFromNtNtNtCsVvIoe5iocD_4wgpu3api6buffer6BufferE8try_from
FN:48,_RNvXs_NtNtCsfRa0hmhSDV_16wgpu_3dgs_editor6buffer8modifierNtB4_25BasicColorModifiersBufferNtNtCs4s5mMxNcd3_14wgpu_3dgs_core6buffer13BufferWrapper6buffer
FN:247,_RNvXsc_NtNtCsfRa0hmhSDV_16wgpu_3dgs_editor6buffer8modifierNtB5_14RotScaleBufferNtNtCs4s5mMxNcd3_14wgpu_3dgs_core6buffer13BufferWrapper6buffer
FN:253,_RNvXsd_NtNtCsfRa0hmhSDV_16wgpu_3dgs_editor6buffer8modifierNtNtNtCsVvIoe5iocD_4wgpu3api6buffer6BufferINtNtCsmHtFwzCQ9E_4core7convert4FromNtB5_14RotScaleBufferE4from
FN:261,_RNvXse_NtNtCsfRa0hmhSDV_16wgpu_3dgs_editor6buffer8modifierNtB5_14RotScaleBufferINtNtCsmHtFwzCQ9E_4core7convert7TryFromNtNtNtCsVvIoe5iocD_4wgpu3api6buffer6BufferE8try_from
FN:289,_RNvXsh_NtNtCsfRa0hmhSDV_16wgpu_3dgs_editor6buffer8modifierNtB5_11RotScalePodNtNtCsmHtFwzCQ9E_4core7default7Default7default
FNDA:12,_RNvMNtNtCshvc1CuooLOl_16wgpu_3dgs_editor6buffer8modifierNtB2_25BasicColorModifiersBuffer15update_with_pod
FNDA:14,_RNvMNtNtCshvc1CuooLOl_16wgpu_3dgs_editor6buffer8modifierNtB2_25BasicColorModifiersBuffer3new
FNDA:2,_RNvMNtNtCshvc1CuooLOl_16wgpu_3dgs_editor6buffer8modifierNtB2_25BasicColorModifiersBuffer6update
FNDA:4,_RNvMs3_NtNtCshvc1CuooLOl_16wgpu_3dgs_editor6buffer8modifierNtB5_38BasicColorRgbOverrideOrHsvModifiersPod15is_rgb_override
FNDA:1,_RNvMs3_NtNtCshvc1CuooLOl_16wgpu_3dgs_editor6buffer8modifierNtB5_38BasicColorRgbOverrideOrHsvModifiersPod16is_hsv_modifiers
FNDA:14,_RNvMs3_NtNtCshvc1CuooLOl_16wgpu_3dgs_editor6buffer8modifierNtB5_38BasicColorRgbOverrideOrHsvModifiersPod16new_rgb_override
FNDA:17,_RNvMs3_NtNtCshvc1CuooLOl_16wgpu_3dgs_editor6buffer8modifierNtB5_38BasicColorRgbOverrideOrHsvModifiersPod17new_hsv_modifiers
FNDA:2,_RNvMs3_NtNtCshvc1CuooLOl_16wgpu_3dgs_editor6buffer8modifierNtB5_38BasicColorRgbOverrideOrHsvModifiersPod8get_vec3
FNDA:17,_RNvMs4_NtNtCshvc1CuooLOl_16wgpu_3dgs_editor6buffer8modifierNtB5_22BasicColorModifiersPod3new
FNDA:14,_RNvMs6_NtNtCshvc1CuooLOl_16wgpu_3dgs_editor6buffer8modifierNtB5_20TransformFlagsBuffer3new
FNDA:1,_RNvMs6_NtNtCshvc1CuooLOl_16wgpu_3dgs_editor6buffer8modifierNtB5_20TransformFlagsBuffer6update
FNDA:1,_RNvMsb_NtNtCshvc1CuooLOl_16wgpu_3dgs_editor6buffer8modifierNtB5_14RotScaleBuffer15update_with_pod
FNDA:14,_RNvMsb_NtNtCshvc1CuooLOl_16wgpu_3dgs_editor6buffer8modifierNtB5_14RotScaleBuffer3new
FNDA:1,_RNvMsb_NtNtCshvc1CuooLOl_16wgpu_3dgs_editor6buffer8modifierNtB5_14RotScaleBuffer6update
FNDA:4,_RNvMsg_NtNtCshvc1CuooLOl_16wgpu_3dgs_editor6buffer8modifierNtB5_11RotScalePod3new
FNDA:3,_RNvXs1_NtNtCshvc1CuooLOl_16wgpu_3dgs_editor6buffer8modifierNtB5_25BasicColorModifiersBufferINtNtCsmHtFwzCQ9E_4core7convert7TryFromNtNtNtCsVvIoe5iocD_4wgpu3api6buffer6BufferE8try_from
FNDA:14,_RNvXs5_NtNtCshvc1CuooLOl_16wgpu_3dgs_editor6buffer8modifierNtB5_22BasicColorModifiersPodNtNtCsmHtFwzCQ9E_4core7default7Default7default
FNDA:18,_RNvXs7_NtNtCshvc1CuooLOl_16wgpu_3dgs_editor6buffer8modifierNtB5_20TransformFlagsBufferNtNtCs4s5mMxNcd3_14wgpu_3dgs_core6buffer13BufferWrapper6buffer
FNDA:2,_RNvXs9_NtNtCshvc1CuooLOl_16wgpu_3dgs_editor6buffer8modifierNtB5_20TransformFlagsBufferINtNtCsmHtFwzCQ9E_4core7convert7TryFromNtNtNtCsVvIoe5iocD_4wgpu3api6buffer6BufferE8try_from
FNDA:20,_RNvXs_NtNtCshvc1CuooLOl_16wgpu_3dgs_editor6buffer8modifierNtB4_25BasicColorModifiersBufferNtNtCs4s5mMxNcd3_14wgpu_3dgs_core6buffer13BufferWrapper6buffer
FNDA:18,_RNvXsc_NtNtCshvc1CuooLOl_16wgpu_3dgs_editor6buffer8modifierNtB5_14RotScaleBufferNtNtCs4s5mMxNcd3_14wgpu_3dgs_core6buffer13BufferWrapper6buffer
FNDA:2,_RNvXse_NtNtCshvc1CuooLOl_16wgpu_3dgs_editor6buffer8modifierNtB5_14RotScaleBufferINtNtCsmHtFwzCQ9E_4core7convert7TryFromNtNtNtCsVvIoe5iocD_4wgpu3api6buffer6BufferE8try_from
FNDA:14,_RNvXsh_NtNtCshvc1CuooLOl_16wgpu_3dgs_editor6buffer8modifierNtB5_11RotScalePodNtNtCsmHtFwzCQ9E_4core7default7Default7default
FNDA:1,_RNvXs0_NtNtCshvc1CuooLOl_16wgpu_3dgs_editor6buffer8modifierNtNtNtCsVvIoe5iocD_4wgpu3api6buffer6BufferINtNtCsmHtFwzCQ9E_4core7convert4FromNtB5_25BasicColorModifiersBufferE4from
FNDA:1,_RNvXs8_NtNtCshvc1CuooLOl_16wgpu_3dgs_editor6buffer8modifierNtNtNtCsVvIoe5iocD_4wgpu3api6buffer6BufferINtNtCsmHtFwzCQ9E_4core7convert4FromNtB5_20TransformFlagsBufferE4from
FNDA:1,_RNvXsd_NtNtCshvc1CuooLOl_16wgpu_3dgs_editor6buffer8modifierNtNtNtCsVvIoe5iocD_4wgpu3api6buffer6BufferINtNtCsmHtFwzCQ9E_4core7convert4FromNtB5_14RotScaleBufferE4from
FNDA:3,_RNCNvXs1_NtNtCshvc1CuooLOl_16wgpu_3dgs_editor6buffer8modifierNtB7_25BasicColorModifiersBufferINtNtCsmHtFwzCQ9E_4core7convert7TryFromNtNtNtCsVvIoe5iocD_4wgpu3api6buffer6BufferE8try_from0Bb_
FNDA:2,_RNCNvXs9_NtNtCshvc1CuooLOl_16wgpu_3dgs_editor6buffer8modifierNtB7_20TransformFlagsBufferINtNtCsmHtFwzCQ9E_4core7convert7TryFromNtNtNtCsVvIoe5iocD_4wgpu3api6buffer6BufferE8try_from0Bb_
FNDA:2,_RNCNvXse_NtNtCshvc1CuooLOl_16wgpu_3dgs_editor6buffer8modifierNtB7_14RotScaleBufferINtNtCsmHtFwzCQ9E_4core7convert7TryFromNtNtNtCsVvIoe5iocD_4wgpu3api6buffer6BufferE8try_from0Bb_
FNDA:0,_RNCNvXs1_NtNtCsfRa0hmhSDV_16wgpu_3dgs_editor6buffer8modifierNtB7_25BasicColorModifiersBufferINtNtCsmHtFwzCQ9E_4core7convert7TryFromNtNtNtCsVvIoe5iocD_4wgpu3api6buffer6BufferE8try_from0Bb_
FNDA:0,_RNCNvXs9_NtNtCsfRa0hmhSDV_16wgpu_3dgs_editor6buffer8modifierNtB7_20TransformFlagsBufferINtNtCsmHtFwzCQ9E_4core7convert7TryFromNtNtNtCsVvIoe5iocD_4wgpu3api6buffer6BufferE8try_from0Bb_
FNDA:0,_RNCNvXse_NtNtCsfRa0hmhSDV_16wgpu_3dgs_editor6buffer8modifierNtB7_14RotScaleBufferINtNtCsmHtFwzCQ9E_4core7convert7TryFromNtNtNtCsVvIoe5iocD_4wgpu3api6buffer6BufferE8try_from0Bb_
FNDA:0,_RNvMNtNtCsfRa0hmhSDV_16wgpu_3dgs_editor6buffer8modifierNtB2_25BasicColorModifiersBuffer15update_with_pod
FNDA:0,_RNvMNtNtCsfRa0hmhSDV_16wgpu_3dgs_editor6buffer8modifierNtB2_25BasicColorModifiersBuffer3new
FNDA:0,_RNvMNtNtCsfRa0hmhSDV_16wgpu_3dgs_editor6buffer8modifierNtB2_25BasicColorModifiersBuffer6update
FNDA:0,_RNvMs3_NtNtCsfRa0hmhSDV_16wgpu_3dgs_editor6buffer8modifierNtB5_38BasicColorRgbOverrideOrHsvModifiersPod15is_rgb_override
FNDA:0,_RNvMs3_NtNtCsfRa0hmhSDV_16wgpu_3dgs_editor6buffer8modifierNtB5_38BasicColorRgbOverrideOrHsvModifiersPod16is_hsv_modifiers
FNDA:0,_RNvMs3_NtNtCsfRa0hmhSDV_16wgpu_3dgs_editor6buffer8modifierNtB5_38BasicColorRgbOverrideOrHsvModifiersPod16new_rgb_override
FNDA:0,_RNvMs3_NtNtCsfRa0hmhSDV_16wgpu_3dgs_editor6buffer8modifierNtB5_38BasicColorRgbOverrideOrHsvModifiersPod17new_hsv_modifiers
FNDA:0,_RNvMs3_NtNtCsfRa0hmhSDV_16wgpu_3dgs_editor6buffer8modifierNtB5_38BasicColorRgbOverrideOrHsvModifiersPod8get_vec3
FNDA:0,_RNvMs4_NtNtCsfRa0hmhSDV_16wgpu_3dgs_editor6buffer8modifierNtB5_22BasicColorModifiersPod3new
FNDA:0,_RNvMs6_NtNtCsfRa0hmhSDV_16wgpu_3dgs_editor6buffer8modifierNtB5_20TransformFlagsBuffer3new
FNDA:0,_RNvMs6_NtNtCsfRa0hmhSDV_16wgpu_3dgs_editor6buffer8modifierNtB5_20TransformFlagsBuffer6update
FNDA:0,_RNvMsb_NtNtCsfRa0hmhSDV_16wgpu_3dgs_editor6buffer8modifierNtB5_14RotScaleBuffer15update_with_pod
FNDA:0,_RNvMsb_NtNtCsfRa0hmhSDV_16wgpu_3dgs_editor6buffer8modifierNtB5_14RotScaleBuffer3new
FNDA:0,_RNvMsb_NtNtCsfRa0hmhSDV_16wgpu_3dgs_editor6buffer8modifierNtB5_14RotScaleBuffer6update
FNDA:0,_RNvMsg_NtNtCsfRa0hmhSDV_16wgpu_3dgs_editor6buffer8modifierNtB5_11RotScalePod3new
FNDA:0,_RNvXs0_NtNtCsfRa0hmhSDV_16wgpu_3dgs_editor6buffer8modifierNtNtNtCsVvIoe5iocD_4wgpu3api6buffer6BufferINtNtCsmHtFwzCQ9E_4core7convert4FromNtB5_25BasicColorModifiersBufferE4from
FNDA:0,_RNvXs1_NtNtCsfRa0hmhSDV_16wgpu_3dgs_editor6buffer8modifierNtB5_25BasicColorModifiersBufferINtNtCsmHtFwzCQ9E_4core7convert7TryFromNtNtNtCsVvIoe5iocD_4wgpu3api6buffer6BufferE8try_from
FNDA:0,_RNvXs5_NtNtCsfRa0hmhSDV_16wgpu_3dgs_editor6buffer8modifierNtB5_22BasicColorModifiersPodNtNtCsmHtFwzCQ9E_4core7default7Default7default
FNDA:0,_RNvXs7_NtNtCsfRa0hmhSDV_16wgpu_3dgs_editor6buffer8modifierNtB5_20TransformFlagsBufferNtNtCs4s5mMxNcd3_14wgpu_3dgs_core6buffer13BufferWrapper6buffer
FNDA:0,_RNvXs8_NtNtCsfRa0hmhSDV_16wgpu_3dgs_editor6buffer8modifierNtNtNtCsVvIoe5iocD_4wgpu3api6buffer6BufferINtNtCsmHtFwzCQ9E_4core7convert4FromNtB5_20TransformFlagsBufferE4from
FNDA:0,_RNvXs9_NtNtCsfRa0hmhSDV_16wgpu_3dgs_editor6buffer8modifierNtB5_20TransformFlagsBufferINtNtCsmHtFwzCQ9E_4core7convert7TryFromNtNtNtCsVvIoe5iocD_4wgpu3api6buffer6BufferE8try_from
FNDA:0,_RNvXs_NtNtCsfRa0hmhSDV_16wgpu_3dgs_editor6buffer8modifierNtB4_25BasicColorModifiersBufferNtNtCs4s5mMxNcd3_14wgpu_3dgs_core6buffer13BufferWrapper6buffer
FNDA:0,_RNvXsc_NtNtCsfRa0hmhSDV_16wgpu_3dgs_editor6buffer8modifierNtB5_14RotScaleBufferNtNtCs4s5mMxNcd3_14wgpu_3dgs_core6buffer13BufferWrapper6buffer
FNDA:0,_RNvXsd_NtNtCsfRa0hmhSDV_16wgpu_3dgs_editor6buffer8modifierNtNtNtCsVvIoe5iocD_4wgpu3api6buffer6BufferINtNtCsmHtFwzCQ9E_4core7convert4FromNtB5_14RotScaleBufferE4from
FNDA:0,_RNvXse_NtNtCsfRa0hmhSDV_16wgpu_3dgs_editor6buffer8modifierNtB5_14RotScaleBufferINtNtCsmHtFwzCQ9E_4core7convert7TryFromNtNtNtCsVvIoe5iocD_4wgpu3api6buffer6BufferE8try_from
FNDA:0,_RNvXsh_NtNtCsfRa0hmhSDV_16wgpu_3dgs_editor6buffer8modifierNtB5_11RotScalePodNtNtCsmHtFwzCQ9E_4core7default7Default7default
FNF:29
FNH:29
DA:15,14
DA:16,14
DA:17,14
DA:18,14
DA:19,14
DA:20,14
DA:22,14
DA:23,14
DA:26,2
DA:27,2
DA:28,2
DA:29,2
DA:30,2
DA:31,2
DA:32,2
DA:33,2
DA:34,2
DA:35,2
DA:36,2
DA:37,2
DA:39,2
DA:42,12
DA:43,12
DA:44,12
DA:48,20
DA:49,20
DA:50,20
DA:54,1
DA:55,1
DA:56,1
DA:62,3
DA:63,3
DA:64,3
DA:82,14
DA:83,14
DA:84,14
DA:87,17
DA:88,17
DA:89,17
DA:92,4
DA:93,4
DA:94,4
DA:97,1
DA:98,1
DA:99,1
DA:102,2
DA:103,2
DA:104,1
DA:106,1
DA:108,2
DA:125,17
DA:126,17
DA:127,17
DA:128,17
DA:129,17
DA:130,17
DA:131,17
DA:132,17
DA:133,17
DA:134,17
DA:135,17
DA:136,17
DA:137,17
DA:138,17
DA:139,17
DA:140,17
DA:144,14
DA:145,14
DA:146,14
DA:147,14
DA:148,14
DA:149,14
DA:150,14
DA:151,14
DA:152,14
DA:153,14
DA:154,14
DA:155,14
DA:164,14
DA:165,14
DA:166,14
DA:167,14
DA:168,14
DA:169,14
DA:170,14
DA:172,14
DA:173,14
DA:176,1
DA:177,1
DA:178,1
DA:182,18
DA:183,18
DA:184,18
DA:188,1
DA:189,1
DA:190,1
DA:196,2
DA:197,2
DA:198,2
DA:225,14
DA:226,14
DA:227,14
DA:228,14
DA:229,14
DA:230,14
DA:232,14
DA:233,14
DA:236,1
DA:237,1
DA:238,1
DA:241,1
DA:242,1
DA:243,1
DA:247,18
DA:248,18
DA:249,18
DA:253,1
DA:254,1
DA:255,1
DA:261,2
DA:262,2
DA:263,2
DA:280,4
DA:281,4
DA:282,4
DA:283,4
DA:284,4
DA:285,4
DA:289,14
DA:290,14
DA:291,14
DA:292,14
DA:293,14
DA:294,14
BRF:0
BRH:0
LF:137
LH:137
end_of_record
SF:C:\Users\s2010\Me\Codes\Rust\wgpu-3dgs-editor\src\buffer\selection.rs
FN:20,_RNvMNtNtCshvc1CuooLOl_16wgpu_3dgs_editor6buffer9selectionNtB2_15SelectionBuffer14new_with_label
FN:15,_RNvMNtNtCshvc1CuooLOl_16wgpu_3dgs_editor6buffer9selectionNtB2_15SelectionBuffer3new
FN:69,_RNvMs2_NtNtCshvc1CuooLOl_16wgpu_3dgs_editor6buffer9selectionNtB5_17SelectionOpBuffer3new
FN:80,_RNvMs2_NtNtCshvc1CuooLOl_16wgpu_3dgs_editor6buffer9selectionNtB5_17SelectionOpBuffer6update
FN:137,_RNvMs7_NtNtCshvc1CuooLOl_16wgpu_3dgs_editor6buffer9selectionNtB5_18InvTransformBuffer25update_with_scale_rot_pos
FN:120,_RNvMs7_NtNtCshvc1CuooLOl_16wgpu_3dgs_editor6buffer9selectionNtB5_18InvTransformBuffer3new
FN:132,_RNvMs7_NtNtCshvc1CuooLOl_16wgpu_3dgs_editor6buffer9selectionNtB5_18InvTransformBuffer6update
FN:53,_RNvXs1_NtNtCshvc1CuooLOl_16wgpu_3dgs_editor6buffer9selectionNtB5_15SelectionBufferINtNtCsmHtFwzCQ9E_4core7convert4FromNtNtNtCsVvIoe5iocD_4wgpu3api6buffer6BufferE4from
FN:86,_RNvXs3_NtNtCshvc1CuooLOl_16wgpu_3dgs_editor6buffer9selectionNtB5_17SelectionOpBufferNtNtCs4s5mMxNcd3_14wgpu_3dgs_core6buffer13BufferWrapper6buffer
FN:100,_RNvXs5_NtNtCshvc1CuooLOl_16wgpu_3dgs_editor6buffer9selectionNtB5_17SelectionOpBufferINtNtCsmHtFwzCQ9E_4core7convert7TryFromNtNtNtCsVvIoe5iocD_4wgpu3api6buffer6BufferE8try_from
FN:150,_RNvXs8_NtNtCshvc1CuooLOl_16wgpu_3dgs_editor6buffer9selectionNtB5_18InvTransformBufferNtNtCs4s5mMxNcd3_14wgpu_3dgs_core6buffer13BufferWrapper6buffer
FN:41,_RNvXs_NtNtCshvc1CuooLOl_16wgpu_3dgs_editor6buffer9selectionNtB4_15SelectionBufferNtNtCs4s5mMxNcd3_14wgpu_3dgs_core6buffer13BufferWrapper6buffer
FN:164,_RNvXsa_NtNtCshvc1CuooLOl_16wgpu_3dgs_editor6buffer9selectionNtB5_18InvTransformBufferINtNtCsmHtFwzCQ9E_4core7convert7TryFromNtNtNtCsVvIoe5iocD_4wgpu3api6buffer6BufferE8try_from
FN:47,_RNvXs0_NtNtCshvc1CuooLOl_16wgpu_3dgs_editor6buffer9selectionNtNtNtCsVvIoe5iocD_4wgpu3api6buffer6BufferINtNtCsmHtFwzCQ9E_4core7convert4FromNtB5_15SelectionBufferE4from
FN:92,_RNvXs4_NtNtCshvc1CuooLOl_16wgpu_3dgs_editor6buffer9selectionNtNtNtCsVvIoe5iocD_4wgpu3api6buffer6BufferINtNtCsmHtFwzCQ9E_4core7convert4FromNtB5_17SelectionOpBufferE4from
FN:156,_RNvXs9_NtNtCshvc1CuooLOl_16wgpu_3dgs_editor6buffer9selectionNtNtNtCsVvIoe5iocD_4wgpu3api6buffer6BufferINtNtCsmHtFwzCQ9E_4core7convert4FromNtB5_18InvTransformBufferE4from
FN:101,_RNCNvXs5_NtNtCshvc1CuooLOl_16wgpu_3dgs_editor6buffer9selectionNtB7_17SelectionOpBufferINtNtCsmHtFwzCQ9E_4core7convert7TryFromNtNtNtCsVvIoe5iocD_4wgpu3api6buffer6BufferE8try_from0Bb_
FN:165,_RNCNvXsa_NtNtCshvc1CuooLOl_16wgpu_3dgs_editor6buffer9selectionNtB7_18InvTransformBufferINtNtCsmHtFwzCQ9E_4core7convert7TryFromNtNtNtCsVvIoe5iocD_4wgpu3api6buffer6BufferE8try_from0Bb_
FN:101,_RNCNvXs5_NtNtCsfRa0hmhSDV_16wgpu_3dgs_editor6buffer9selectionNtB7_17SelectionOpBufferINtNtCsmHtFwzCQ9E_4core7convert7TryFromNtNtNtCsVvIoe5iocD_4wgpu3api6buffer6BufferE8try_from0Bb_
FN:165,_RNCNvXsa_NtNtCsfRa0hmhSDV_16wgpu_3dgs_editor6buffer9selectionNtB7_18InvTransformBufferINtNtCsmHtFwzCQ9E_4core7convert7TryFromNtNtNtCsVvIoe5iocD_4wgpu3api6buffer6BufferE8try_from0Bb_
FN:20,_RNvMNtNtCsfRa0hmhSDV_16wgpu_3dgs_editor6buffer9selectionNtB2_15SelectionBuffer14new_with_label
FN:15,_RNvMNtNtCsfRa0hmhSDV_16wgpu_3dgs_editor6buffer9selectionNtB2_15SelectionBuffer3new
FN:69,_RNvMs2_NtNtCsfRa0hmhSDV_16wgpu_3dgs_editor6buffer9selectionNtB5_17SelectionOpBuffer3new
FN:80,_RNvMs2_NtNtCsfRa0hmhSDV_16wgpu_3dgs_editor6buffer9selectionNtB5_17SelectionOpBuffer6update
FN:137,_RNvMs7_NtNtCsfRa0hmhSDV_16wgpu_3dgs_editor6buffer9selectionNtB5_18InvTransformBuffer25update_with_scale_rot_pos
FN:120,_RNvMs7_NtNtCsfRa0hmhSDV_16wgpu_3dgs_editor6buffer9selectionNtB5_18InvTransformBuffer3new
FN:132,_RNvMs7_NtNtCsfRa0hmhSDV_16wgpu_3dgs_editor6buffer9selectionNtB5_18InvTransformBuffer6update
FN:47,_RNvXs0_NtNtCsfRa0hmhSDV_16wgpu_3dgs_editor6buffer9selectionNtNtNtCsVvIoe5iocD_4wgpu3api6buffer6BufferINtNtCsmHtFwzCQ9E_4core7convert4FromNtB5_15SelectionBufferE4from
FN:53,_RNvXs1_NtNtCsfRa0hmhSDV_16wgpu_3dgs_editor6buffer9selectionNtB5_15SelectionBufferINtNtCsmHtFwzCQ9E_4core7convert4FromNtNtNtCsVvIoe5iocD_4wgpu3api6buffer6BufferE4from
FN:86,_RNvXs3_NtNtCsfRa0hmhSDV_16wgpu_3dgs_editor6buffer9selectionNtB5_17SelectionOpBufferNtNtCs4s5mMxNcd3_14wgpu_3dgs_core6buffer13BufferWrapper6buffer
FN:92,_RNvXs4_NtNtCsfRa0hmhSDV_16wgpu_3dgs_editor6buffer9selectionNtNtNtCsVvIoe5iocD_4wgpu3api6buffer6BufferINtNtCsmHtFwzCQ9E_4core7convert4FromNtB5_17SelectionOpBufferE4from
FN:100,_RNvXs5_NtNtCsfRa0hmhSDV_16wgpu_3dgs_editor6buffer9selectionNtB5_17SelectionOpBufferINtNtCsmHtFwzCQ9E_4core7convert7TryFromNtNtNtCsVvIoe5iocD_4wgpu3api6buffer6BufferE8try_from
FN:150,_RNvXs8_NtNtCsfRa0hmhSDV_16wgpu_3dgs_editor6buffer9selectionNtB5_18InvTransformBufferNtNtCs4s5mMxNcd3_14wgpu_3dgs_core6buffer13BufferWrapper6buffer
FN:156,_RNvXs9_NtNtCsfRa0hmhSDV_16wgpu_3dgs_editor6buffer9selectionNtNtNtCsVvIoe5iocD_4wgpu3api6buffer6BufferINtNtCsmHtFwzCQ9E_4core7convert4FromNtB5_18InvTransformBufferE4from
FN:41,_RNvXs_NtNtCsfRa0hmhSDV_16wgpu_3dgs_editor6buffer9selectionNtB4_15SelectionBufferNtNtCs4s5mMxNcd3_14wgpu_3dgs_core6buffer13BufferWrapper6buffer
FN:164,_RNvXsa_NtNtCsfRa0hmhSDV_16wgpu_3dgs_editor6buffer9selectionNtB5_18InvTransformBufferINtNtCsmHtFwzCQ9E_4core7convert7TryFromNtNtNtCsVvIoe5iocD_4wgpu3api6buffer6BufferE8try_from
FNDA:35,_RNvMNtNtCshvc1CuooLOl_16wgpu_3dgs_editor6buffer9selectionNtB2_15SelectionBuffer14new_with_label
FNDA:34,_RNvMNtNtCshvc1CuooLOl_16wgpu_3dgs_editor6buffer9selectionNtB2_15SelectionBuffer3new
FNDA:14,_RNvMs2_NtNtCshvc1CuooLOl_16wgpu_3dgs_editor6buffer9selectionNtB5_17SelectionOpBuffer3new
FNDA:3,_RNvMs2_NtNtCshvc1CuooLOl_16wgpu_3dgs_editor6buffer9selectionNtB5_17SelectionOpBuffer6update
FNDA:5,_RNvMs7_NtNtCshvc1CuooLOl_16wgpu_3dgs_editor6buffer9selectionNtB5_18InvTransformBuffer25update_with_scale_rot_pos
FNDA:5,_RNvMs7_NtNtCshvc1CuooLOl_16wgpu_3dgs_editor6buffer9selectionNtB5_18InvTransformBuffer3new
FNDA:7,_RNvMs7_NtNtCshvc1CuooLOl_16wgpu_3dgs_editor6buffer9selectionNtB5_18InvTransformBuffer6update
FNDA:27,_RNvXs1_NtNtCshvc1CuooLOl_16wgpu_3dgs_editor6buffer9selectionNtB5_15SelectionBufferINtNtCsmHtFwzCQ9E_4core7convert4FromNtNtNtCsVvIoe5iocD_4wgpu3api6buffer6BufferE4from
FNDA:20,_RNvXs3_NtNtCshvc1CuooLOl_16wgpu_3dgs_editor6buffer9selectionNtB5_17SelectionOpBufferNtNtCs4s5mMxNcd3_14wgpu_3dgs_core6buffer13BufferWrapper6buffer
FNDA:2,_RNvXs5_NtNtCshvc1CuooLOl_16wgpu_3dgs_editor6buffer9selectionNtB5_17SelectionOpBufferINtNtCsmHtFwzCQ9E_4core7convert7TryFromNtNtNtCsVvIoe5iocD_4wgpu3api6buffer6BufferE8try_from
FNDA:11,_RNvXs8_NtNtCshvc1CuooLOl_16wgpu_3dgs_editor6buffer9selectionNtB5_18InvTransformBufferNtNtCs4s5mMxNcd3_14wgpu_3dgs_core6buffer13BufferWrapper6buffer
FNDA:98,_RNvXs_NtNtCshvc1CuooLOl_16wgpu_3dgs_editor6buffer9selectionNtB4_15SelectionBufferNtNtCs4s5mMxNcd3_14wgpu_3dgs_core6buffer13BufferWrapper6buffer
FNDA:3,_RNvXsa_NtNtCshvc1CuooLOl_16wgpu_3dgs_editor6buffer9selectionNtB5_18InvTransformBufferINtNtCsmHtFwzCQ9E_4core7convert7TryFromNtNtNtCsVvIoe5iocD_4wgpu3api6buffer6BufferE8try_from
FNDA:1,_RNvXs0_NtNtCshvc1CuooLOl_16wgpu_3dgs_editor6buffer9selectionNtNtNtCsVvIoe5iocD_4wgpu3api6buffer6BufferINtNtCsmHtFwzCQ9E_4core7convert4FromNtB5_15SelectionBufferE4from
FNDA:1,_RNvXs4_NtNtCshvc1CuooLOl_16wgpu_3dgs_editor6buffer9selectionNtNtNtCsVvIoe5iocD_4wgpu3api6buffer6BufferINtNtCsmHtFwzCQ9E_4core7convert4FromNtB5_17SelectionOpBufferE4from
FNDA:1,_RNvXs9_NtNtCshvc1CuooLOl_16wgpu_3dgs_editor6buffer9selectionNtNtNtCsVvIoe5iocD_4wgpu3api6buffer6BufferINtNtCsmHtFwzCQ9E_4core7convert4FromNtB5_18InvTransformBufferE4from
FNDA:2,_RNCNvXs5_NtNtCshvc1CuooLOl_16wgpu_3dgs_editor6buffer9selectionNtB7_17SelectionOpBufferINtNtCsmHtFwzCQ9E_4core7convert7TryFromNtNtNtCsVvIoe5iocD_4wgpu3api6buffer6BufferE8try_from0Bb_
FNDA:3,_RNCNvXsa_NtNtCshvc1CuooLOl_16wgpu_3dgs_editor6buffer9selectionNtB7_18InvTransformBufferINtNtCsmHtFwzCQ9E_4core7convert7TryFromNtNtNtCsVvIoe5iocD_4wgpu3api6buffer6BufferE8try_from0Bb_
FNDA:0,_RNCNvXs5_NtNtCsfRa0hmhSDV_16wgpu_3dgs_editor6buffer9selectionNtB7_17SelectionOpBufferINtNtCsmHtFwzCQ9E_4core7convert7TryFromNtNtNtCsVvIoe5iocD_4wgpu3api6buffer6BufferE8try_from0Bb_
FNDA:0,_RNCNvXsa_NtNtCsfRa0hmhSDV_16wgpu_3dgs_editor6buffer9selectionNtB7_18InvTransformBufferINtNtCsmHtFwzCQ9E_4core7convert7TryFromNtNtNtCsVvIoe5iocD_4wgpu3api6buffer6BufferE8try_from0Bb_
FNDA:0,_RNvMNtNtCsfRa0hmhSDV_16wgpu_3dgs_editor6buffer9selectionNtB2_15SelectionBuffer14new_with_label
FNDA:0,_RNvMNtNtCsfRa0hmhSDV_16wgpu_3dgs_editor6buffer9selectionNtB2_15SelectionBuffer3new
FNDA:0,_RNvMs2_NtNtCsfRa0hmhSDV_16wgpu_3dgs_editor6buffer9selectionNtB5_17SelectionOpBuffer3new
FNDA:0,_RNvMs2_NtNtCsfRa0hmhSDV_16wgpu_3dgs_editor6buffer9selectionNtB5_17SelectionOpBuffer6update
FNDA:0,_RNvMs7_NtNtCsfRa0hmhSDV_16wgpu_3dgs_editor6buffer9selectionNtB5_18InvTransformBuffer25update_with_scale_rot_pos
FNDA:0,_RNvMs7_NtNtCsfRa0hmhSDV_16wgpu_3dgs_editor6buffer9selectionNtB5_18InvTransformBuffer3new
FNDA:0,_RNvMs7_NtNtCsfRa0hmhSDV_16wgpu_3dgs_editor6buffer9selectionNtB5_18InvTransformBuffer6update
FNDA:0,_RNvXs0_NtNtCsfRa0hmhSDV_16wgpu_3dgs_editor6buffer9selectionNtNtNtCsVvIoe5iocD_4wgpu3api6buffer6BufferINtNtCsmHtFwzCQ9E_4core7convert4FromNtB5_15SelectionBufferE4from
FNDA:0,_RNvXs1_NtNtCsfRa0hmhSDV_16wgpu_3dgs_editor6buffer9selectionNtB5_15SelectionBufferINtNtCsmHtFwzCQ9E_4core7convert4FromNtNtNtCsVvIoe5iocD_4wgpu3api6buffer6BufferE4from
FNDA:0,_RNvXs3_NtNtCsfRa0hmhSDV_16wgpu_3dgs_editor6buffer9selectionNtB5_17SelectionOpBufferNtNtCs4s5mMxNcd3_14wgpu_3dgs_core6buffer13BufferWrapper6buffer
FNDA:0,_RNvXs4_NtNtCsfRa0hmhSDV_16wgpu_3dgs_editor6buffer9selectionNtNtNtCsVvIoe5iocD_4wgpu3api6buffer6BufferINtNtCsmHtFwzCQ9E_4core7convert4FromNtB5_17SelectionOpBufferE4from
FNDA:0,_RNvXs5_NtNtCsfRa0hmhSDV_16wgpu_3dgs_editor6buffer9selectionNtB5_17SelectionOpBufferINtNtCsmHtFwzCQ9E_4core7convert7TryFromNtNtNtCsVvIoe5iocD_4wgpu3api6buffer6BufferE8try_from
FNDA:0,_RNvXs8_NtNtCsfRa0hmhSDV_16wgpu_3dgs_editor6buffer9selectionNtB5_18InvTransformBufferNtNtCs4s5mMxNcd3_14wgpu_3dgs_core6buffer13BufferWrapper6buffer
FNDA:0,_RNvXs9_NtNtCsfRa0hmhSDV_16wgpu_3dgs_editor6buffer9selectionNtNtNtCsVvIoe5iocD_4wgpu3api6buffer6BufferINtNtCsmHtFwzCQ9E_4core7convert4FromNtB5_18InvTransformBufferE4from
FNDA:0,_RNvXs_NtNtCsfRa0hmhSDV_16wgpu_3dgs_editor6buffer9selectionNtB4_15SelectionBufferNtNtCs4s5mMxNcd3_14wgpu_3dgs_core6buffer13BufferWrapper6buffer
FNDA:0,_RNvXsa_NtNtCsfRa0hmhSDV_16wgpu_3dgs_editor6buffer9selectionNtB5_18InvTransformBufferINtNtCsmHtFwzCQ9E_4core7convert7TryFromNtNtNtCsVvIoe5iocD_4wgpu3api6buffer6BufferE8try_from
FNF:18
FNH:18
DA:15,34
DA:16,34
DA:17,34
DA:20,35
DA:21,35
DA:23,35
DA:24,35
DA:25,35
DA:26,35
DA:27,35
DA:28,35
DA:30,35
DA:31,35
DA:41,98
DA:42,98
DA:43,98
DA:47,1
DA:48,1
DA:49,1
DA:53,27
DA:54,27
DA:55,27
DA:69,14
DA:70,14
DA:71,14
DA:72,14
DA:73,14
DA:74,14
DA:76,14
DA:77,14
DA:80,3
DA:81,3
DA:82,3
DA:86,20
DA:87,20
DA:88,20
DA:92,1
DA:93,1
DA:94,1
DA:100,2
DA:101,2
DA:102,2
DA:120,5
DA:121,5
DA:122,5
DA:123,5
DA:124,5
DA:125,5
DA:126,5
DA:128,5
DA:129,5
DA:132,7
DA:133,7
DA:134,7
DA:137,5
DA:138,5
DA:139,5
DA:140,5
DA:141,5
DA:142,5
DA:143,5
DA:144,5
DA:145,5
DA:146,5
DA:150,11
DA:151,11
DA:152,11
DA:156,1
DA:157,1
DA:158,1
DA:164,3
DA:165,3
DA:166,3
BRF:0
BRH:0
LF:75
LH:75
end_of_record
SF:C:\Users\s2010\Me\Codes\Rust\wgpu-3dgs-editor\src\lib.rs
FN:46,_RINvMCshvc1CuooLOl_16wgpu_3dgs_editorINtB3_6EditorNtNtNtCs4s5mMxNcd3_14wgpu_3dgs_core6buffer8gaussian43GaussianPodWithShSingleCov3dRotScaleConfigsE3newINtNtCsj4FhK7DZU1O_5alloc3vec3VecNtNtBS_8gaussian8GaussianEECsixpCcd3N6Ya_3mod
FN:46,_RINvMCshvc1CuooLOl_16wgpu_3dgs_editorINtB3_6EditorpE3newpEB3_
FN:70,_RINvMCshvc1CuooLOl_16wgpu_3dgs_editorINtB3_6EditorpE5applypEB3_
FN:46,_RINvMCsfRa0hmhSDV_16wgpu_3dgs_editorINtB3_6EditorpE3newpEB3_
FN:70,_RINvMCsfRa0hmhSDV_16wgpu_3dgs_editorINtB3_6EditorpE5applypEB3_
FN:46,_RINvMCshvc1CuooLOl_16wgpu_3dgs_editorINtB3_6EditorNtNtNtCs4s5mMxNcd3_14wgpu_3dgs_core6buffer8gaussian43GaussianPodWithShSingleCov3dRotScaleConfigsE3newNtNtBS_8gaussian9GaussiansECs9G3cDZBqt4h_23custom_modify_selection
FN:70,_RINvMCshvc1CuooLOl_16wgpu_3dgs_editorINtB3_6EditorNtNtNtCs4s5mMxNcd3_14wgpu_3dgs_core6buffer8gaussian43GaussianPodWithShSingleCov3dRotScaleConfigsE5applyARDINtNtB3_8modifier8ModifierBM_EEL_j1_ECs9G3cDZBqt4h_23custom_modify_selection
FN:46,_RINvMCshvc1CuooLOl_16wgpu_3dgs_editorINtB3_6EditorNtNtNtCs4s5mMxNcd3_14wgpu_3dgs_core6buffer8gaussian43GaussianPodWithShSingleCov3dRotScaleConfigsE3newNtNtBS_8gaussian9GaussiansECshTjBx2UwoCL_16modify_selection
FN:70,_RINvMCshvc1CuooLOl_16wgpu_3dgs_editorINtB3_6EditorNtNtNtCs4s5mMxNcd3_14wgpu_3dgs_core6buffer8gaussian43GaussianPodWithShSingleCov3dRotScaleConfigsE5applyARDINtNtB3_8modifier8ModifierBM_EEL_j1_ECshTjBx2UwoCL_16modify_selection
FN:46,_RINvMCshvc1CuooLOl_16wgpu_3dgs_editorINtB3_6EditorNtNtNtCs4s5mMxNcd3_14wgpu_3dgs_core6buffer8gaussian43GaussianPodWithShSingleCov3dRotScaleConfigsE3newNtNtBS_8gaussian9GaussiansECsgi8pZitSmR4_6modify
FN:70,_RINvMCshvc1CuooLOl_16wgpu_3dgs_editorINtB3_6EditorNtNtNtCs4s5mMxNcd3_14wgpu_3dgs_core6buffer8gaussian43GaussianPodWithShSingleCov3dRotScaleConfigsE5applyARDINtNtB3_8modifier8ModifierBM_EEL_j1_ECsgi8pZitSmR4_6modify
FNDA:24,_RINvMCshvc1CuooLOl_16wgpu_3dgs_editorINtB3_6EditorNtNtNtCs4s5mMxNcd3_14wgpu_3dgs_core6buffer8gaussian43GaussianPodWithShSingleCov3dRotScaleConfigsE3newINtNtCsj4FhK7DZU1O_5alloc3vec3VecNtNtBS_8gaussian8GaussianEECsixpCcd3N6Ya_3mod
FNDA:0,_RINvMCshvc1CuooLOl_16wgpu_3dgs_editorINtB3_6EditorpE3newpEB3_
FNDA:0,_RINvMCshvc1CuooLOl_16wgpu_3dgs_editorINtB3_6EditorpE5applypEB3_
FNDA:0,_RINvMCsfRa0hmhSDV_16wgpu_3dgs_editorINtB3_6EditorpE3newpEB3_
FNDA:0,_RINvMCsfRa0hmhSDV_16wgpu_3dgs_editorINtB3_6EditorpE5applypEB3_
FNDA:1,_RINvMCshvc1CuooLOl_16wgpu_3dgs_editorINtB3_6EditorNtNtNtCs4s5mMxNcd3_14wgpu_3dgs_core6buffer8gaussian43GaussianPodWithShSingleCov3dRotScaleConfigsE3newNtNtBS_8gaussian9GaussiansECs9G3cDZBqt4h_23custom_modify_selection
FNDA:1,_RINvMCshvc1CuooLOl_16wgpu_3dgs_editorINtB3_6EditorNtNtNtCs4s5mMxNcd3_14wgpu_3dgs_core6buffer8gaussian43GaussianPodWithShSingleCov3dRotScaleConfigsE5applyARDINtNtB3_8modifier8ModifierBM_EEL_j1_ECs9G3cDZBqt4h_23custom_modify_selection
FNDA:0,_RINvMCshvc1CuooLOl_16wgpu_3dgs_editorINtB3_6EditorNtNtNtCs4s5mMxNcd3_14wgpu_3dgs_core6buffer8gaussian43GaussianPodWithShSingleCov3dRotScaleConfigsE3newNtNtBS_8gaussian9GaussiansECshTjBx2UwoCL_16modify_selection
FNDA:0,_RINvMCshvc1CuooLOl_16wgpu_3dgs_editorINtB3_6EditorNtNtNtCs4s5mMxNcd3_14wgpu_3dgs_core6buffer8gaussian43GaussianPodWithShSingleCov3dRotScaleConfigsE5applyARDINtNtB3_8modifier8ModifierBM_EEL_j1_ECshTjBx2UwoCL_16modify_selection
FNDA:0,_RINvMCshvc1CuooLOl_16wgpu_3dgs_editorINtB3_6EditorNtNtNtCs4s5mMxNcd3_14wgpu_3dgs_core6buffer8gaussian43GaussianPodWithShSingleCov3dRotScaleConfigsE3newNtNtBS_8gaussian9GaussiansECsgi8pZitSmR4_6modify
FNDA:0,_RINvMCshvc1CuooLOl_16wgpu_3dgs_editorINtB3_6EditorNtNtNtCs4s5mMxNcd3_14wgpu_3dgs_core6buffer8gaussian43GaussianPodWithShSingleCov3dRotScaleConfigsE5applyARDINtNtB3_8modifier8ModifierBM_EEL_j1_ECsgi8pZitSmR4_6modify
FNF:2
FNH:2
DA:46,25
DA:47,25
DA:48,25
DA:50,25
DA:51,25
DA:53,25
DA:54,25
DA:55,25
DA:56,25
DA:57,25
DA:60,25
DA:62,25
DA:63,25
DA:64,25
DA:65,25
DA:66,25
DA:67,25
DA:70,1
DA:71,1
DA:72,1
DA:73,1
DA:74,1
DA:75,1
DA:76,1
DA:77,1
DA:78,1
DA:79,1
DA:80,1
DA:81,1
DA:82,1
DA:83,1
DA:84,1
DA:85,1
BRF:0
BRH:0
LF:33
LH:33
end_of_record
SF:C:\Users\s2010\Me\Codes\Rust\wgpu-3dgs-editor\src\modifier.rs
FN:230,_RNvXNtCshvc1CuooLOl_16wgpu_3dgs_editor8modifierNCNvNtNtCsixpCcd3N6Ya_3mod3e2e8modifiers_52test_modifier_apply_when_impl_is_fn_should_call_self0INtB2_8ModifierNtNtNtCs4s5mMxNcd3_14wgpu_3dgs_core6buffer8gaussian43GaussianPodWithShSingleCov3dRotScaleConfigsE5applyBR_
FN:407,_RNCNvMs0_NtCshvc1CuooLOl_16wgpu_3dgs_editor8modifierINtB7_19BasicModifierBundleNtNtNtCs4s5mMxNcd3_14wgpu_3dgs_core6buffer8gaussian43GaussianPodWithShSingleCov3dRotScaleConfigsE21create_bundle_builder0CsixpCcd3N6Ya_3mod
FN:369,_RNCNvMs0_NtCshvc1CuooLOl_16wgpu_3dgs_editor8modifierINtB7_19BasicModifierBundleNtNtNtCs4s5mMxNcd3_14wgpu_3dgs_core6buffer8gaussian43GaussianPodWithShSingleCov3dRotScaleConfigsE3new0CsixpCcd3N6Ya_3mod
FN:373,_RNCNvMs0_NtCshvc1CuooLOl_16wgpu_3dgs_editor8modifierINtB7_19BasicModifierBundleNtNtNtCs4s5mMxNcd3_14wgpu_3dgs_core6buffer8gaussian43GaussianPodWithShSingleCov3dRotScaleConfigsE3news_0CsixpCcd3N6Ya_3mod
FN:507,_RNCNvMs1_NtCshvc1CuooLOl_16wgpu_3dgs_editor8modifierINtB7_19BasicModifierBundleNtNtNtCs4s5mMxNcd3_14wgpu_3dgs_core6buffer8gaussian43GaussianPodWithShSingleCov3dRotScaleConfigsNtB7_13WithSelectionE18new_with_selection0CsixpCcd3N6Ya_3mod
FN:511,_RNCNvMs1_NtCshvc1CuooLOl_16wgpu_3dgs_editor8modifierINtB7_19BasicModifierBundleNtNtNtCs4s5mMxNcd3_14wgpu_3dgs_core6buffer8gaussian43GaussianPodWithShSingleCov3dRotScaleConfigsNtB7_13WithSelectionE18new_with_selections_0CsixpCcd3N6Ya_3mod
FN:542,_RNCNvMs4_NtCshvc1CuooLOl_16wgpu_3dgs_editor8modifierINtB7_19BasicModifierBundleNtNtNtCs4s5mMxNcd3_14wgpu_3dgs_core6buffer8gaussian43GaussianPodWithShSingleCov3dRotScaleConfigsNtB7_11NoSelectionuE22new_without_bind_group0CsixpCcd3N6Ya_3mod
FN:556,_RNCNvMs5_NtCshvc1CuooLOl_16wgpu_3dgs_editor8modifierINtB7_19BasicModifierBundleNtNtNtCs4s5mMxNcd3_14wgpu_3dgs_core6buffer8gaussian43GaussianPodWithShSingleCov3dRotScaleConfigsNtB7_13WithSelectionuE37new_without_bind_group_with_selection0CsixpCcd3N6Ya_3mod
FN:378,_RNvMs0_NtCshvc1CuooLOl_16wgpu_3dgs_editor8modifierINtB5_19BasicModifierBundleNtNtNtCs4s5mMxNcd3_14wgpu_3dgs_core6buffer8gaussian43GaussianPodWithShSingleCov3dRotScaleConfigsE21create_bundle_builderCsixpCcd3N6Ya_3mod
FN:343,_RNvMs0_NtCshvc1CuooLOl_16wgpu_3dgs_editor8modifierINtB5_19BasicModifierBundleNtNtNtCs4s5mMxNcd3_14wgpu_3dgs_core6buffer8gaussian43GaussianPodWithShSingleCov3dRotScaleConfigsE3newCsixpCcd3N6Ya_3mod
FN:479,_RNvMs1_NtCshvc1CuooLOl_16wgpu_3dgs_editor8modifierINtB5_19BasicModifierBundleNtNtNtCs4s5mMxNcd3_14wgpu_3dgs_core6buffer8gaussian43GaussianPodWithShSingleCov3dRotScaleConfigsNtB5_13WithSelectionE18new_with_selectionCsixpCcd3N6Ya_3mod
FN:518,_RNvMs2_NtCshvc1CuooLOl_16wgpu_3dgs_editor8modifierINtB5_19BasicModifierBundleNtNtNtCs4s5mMxNcd3_14wgpu_3dgs_core6buffer8gaussian43GaussianPodWithShSingleCov3dRotScaleConfigsE16apply_with_countCsixpCcd3N6Ya_3mod
FN:518,_RNvMs2_NtCshvc1CuooLOl_16wgpu_3dgs_editor8modifierINtB5_19BasicModifierBundleNtNtNtCs4s5mMxNcd3_14wgpu_3dgs_core6buffer8gaussian43GaussianPodWithShSingleCov3dRotScaleConfigsNtB5_13WithSelectionE16apply_with_countCsixpCcd3N6Ya_3mod
FN:538,_RNvMs4_NtCshvc1CuooLOl_16wgpu_3dgs_editor8modifierINtB5_19BasicModifierBundleNtNtNtCs4s5mMxNcd3_14wgpu_3dgs_core6buffer8gaussian43GaussianPodWithShSingleCov3dRotScaleConfigsNtB5_11NoSelectionuE22new_without_bind_groupCsixpCcd3N6Ya_3mod
FN:552,_RNvMs5_NtCshvc1CuooLOl_16wgpu_3dgs_editor8modifierINtB5_19BasicModifierBundleNtNtNtCs4s5mMxNcd3_14wgpu_3dgs_core6buffer8gaussian43GaussianPodWithShSingleCov3dRotScaleConfigsNtB5_13WithSelectionuE37new_without_bind_group_with_selectionCsixpCcd3N6Ya_3mod
FN:569,_RNvMs6_NtCshvc1CuooLOl_16wgpu_3dgs_editor8modifierINtB5_19BasicModifierBundleNtNtNtCs4s5mMxNcd3_14wgpu_3dgs_core6buffer8gaussian43GaussianPodWithShSingleCov3dRotScaleConfigsNtB5_11NoSelectionuE16apply_with_countCsixpCcd3N6Ya_3mod
FN:569,_RNvMs6_NtCshvc1CuooLOl_16wgpu_3dgs_editor8modifierINtB5_19BasicModifierBundleNtNtNtCs4s5mMxNcd3_14wgpu_3dgs_core6buffer8gaussian43GaussianPodWithShSingleCov3dRotScaleConfigsNtB5_13WithSelectionuE16apply_with_countCsixpCcd3N6Ya_3mod
FN:595,_RNvMs7_NtCshvc1CuooLOl_16wgpu_3dgs_editor8modifierINtB5_13BasicModifierNtNtNtCs4s5mMxNcd3_14wgpu_3dgs_core6buffer8gaussian43GaussianPodWithShSingleCov3dRotScaleConfigsE3newCsixpCcd3N6Ya_3mod
FN:635,_RNvMs8_NtCshvc1CuooLOl_16wgpu_3dgs_editor8modifierINtB5_13BasicModifierNtNtNtCs4s5mMxNcd3_14wgpu_3dgs_core6buffer8gaussian43GaussianPodWithShSingleCov3dRotScaleConfigsNtB5_13WithSelectionE18new_with_selectionCsixpCcd3N6Ya_3mod
FN:319,_RNvMs_NtCshvc1CuooLOl_16wgpu_3dgs_editor8modifierINtB4_19BasicModifierBundleNtNtNtCs4s5mMxNcd3_14wgpu_3dgs_core6buffer8gaussian43GaussianPodWithShSingleCov3dRotScaleConfigsE6bundleCsixpCcd3N6Ya_3mod
FN:319,_RNvMs_NtCshvc1CuooLOl_16wgpu_3dgs_editor8modifierINtB4_19BasicModifierBundleNtNtNtCs4s5mMxNcd3_14wgpu_3dgs_core6buffer8gaussian43GaussianPodWithShSingleCov3dRotScaleConfigsNtB4_11NoSelectionuE6bundleCsixpCcd3N6Ya_3mod
FN:319,_RNvMs_NtCshvc1CuooLOl_16wgpu_3dgs_editor8modifierINtB4_19BasicModifierBundleNtNtNtCs4s5mMxNcd3_14wgpu_3dgs_core6buffer8gaussian43GaussianPodWithShSingleCov3dRotScaleConfigsNtB4_13WithSelectionE6bundleCsixpCcd3N6Ya_3mod
FN:319,_RNvMs_NtCshvc1CuooLOl_16wgpu_3dgs_editor8modifierINtB4_19BasicModifierBundleNtNtNtCs4s5mMxNcd3_14wgpu_3dgs_core6buffer8gaussian43GaussianPodWithShSingleCov3dRotScaleConfigsNtB4_13WithSelectionuE6bundleCsixpCcd3N6Ya_3mod
FN:524,_RNvXs3_NtCshvc1CuooLOl_16wgpu_3dgs_editor8modifierINtB5_19BasicModifierBundleNtNtNtCs4s5mMxNcd3_14wgpu_3dgs_core6buffer8gaussian43GaussianPodWithShSingleCov3dRotScaleConfigsEINtB5_8ModifierB1d_E5applyCsixpCcd3N6Ya_3mod
FN:524,_RNvXs3_NtCshvc1CuooLOl_16wgpu_3dgs_editor8modifierINtB5_19BasicModifierBundleNtNtNtCs4s5mMxNcd3_14wgpu_3dgs_core6buffer8gaussian43GaussianPodWithShSingleCov3dRotScaleConfigsNtB5_13WithSelectionEINtB5_8ModifierB1d_E5applyCsixpCcd3N6Ya_3mod
FN:676,_RNvXs9_NtCshvc1CuooLOl_16wgpu_3dgs_editor8modifierINtB5_13BasicModifierNtNtNtCs4s5mMxNcd3_14wgpu_3dgs_core6buffer8gaussian43GaussianPodWithShSingleCov3dRotScaleConfigsEINtB5_8ModifierB17_E5applyCsixpCcd3N6Ya_3mod
FN:676,_RNvXs9_NtCshvc1CuooLOl_16wgpu_3dgs_editor8modifierINtB5_13BasicModifierNtNtNtCs4s5mMxNcd3_14wgpu_3dgs_core6buffer8gaussian43GaussianPodWithShSingleCov3dRotScaleConfigsNtB5_13WithSelectionEINtB5_8ModifierB17_E5applyCsixpCcd3N6Ya_3mod
FN:407,_RNCNvMs0_NtCshvc1CuooLOl_16wgpu_3dgs_editor8modifierINtB7_19BasicModifierBundlepE21create_bundle_builder0B9_
FN:369,_RNCNvMs0_NtCshvc1CuooLOl_16wgpu_3dgs_editor8modifierINtB7_19BasicModifierBundlepE3new0B9_
FN:373,_RNCNvMs0_NtCshvc1CuooLOl_16wgpu_3dgs_editor8modifierINtB7_19BasicModifierBundlepE3news_0B9_
FN:507,_RNCNvMs1_NtCshvc1CuooLOl_16wgpu_3dgs_editor8modifierINtB7_19BasicModifierBundlepNtB7_13WithSelectionE18new_with_selection0B9_
FN:511,_RNCNvMs1_NtCshvc1CuooLOl_16wgpu_3dgs_editor8modifierINtB7_19BasicModifierBundlepNtB7_13WithSelectionE18new_with_selections_0B9_
FN:542,_RNCNvMs4_NtCshvc1CuooLOl_16wgpu_3dgs_editor8modifierINtB7_19BasicModifierBundlepNtB7_11NoSelectionuE22new_without_bind_group0B9_
FN:556,_RNCNvMs5_NtCshvc1CuooLOl_16wgpu_3dgs_editor8modifierINtB7_19BasicModifierBundlepNtB7_13WithSelectionuE37new_without_bind_group_with_selection0B9_
FN:378,_RNvMs0_NtCshvc1CuooLOl_16wgpu_3dgs_editor8modifierINtB5_19BasicModifierBundlepE21create_bundle_builderB7_
FN:343,_RNvMs0_NtCshvc1CuooLOl_16wgpu_3dgs_editor8modifierINtB5_19BasicModifierBundlepE3newB7_
FN:479,_RNvMs1_NtCshvc1CuooLOl_16wgpu_3dgs_editor8modifierINtB5_19BasicModifierBundlepNtB5_13WithSelectionE18new_with_selectionB7_
FN:518,_RNvMs2_NtCshvc1CuooLOl_16wgpu_3dgs_editor8modifierINtB5_19BasicModifierBundleppE16apply_with_countB7_
FN:538,_RNvMs4_NtCshvc1CuooLOl_16wgpu_3dgs_editor8modifierINtB5_19BasicModifierBundlepNtB5_11NoSelectionuE22new_without_bind_groupB7_
FN:552,_RNvMs5_NtCshvc1CuooLOl_16wgpu_3dgs_editor8modifierINtB5_19BasicModifierBundlepNtB5_13WithSelectionuE37new_without_bind_group_with_selectionB7_
FN:569,_RNvMs6_NtCshvc1CuooLOl_16wgpu_3dgs_editor8modifierINtB5_19BasicModifierBundleppuE16apply_with_countB7_
FN:595,_RNvMs7_NtCshvc1CuooLOl_16wgpu_3dgs_editor8modifierINtB5_13BasicModifierpE3newB7_
FN:635,_RNvMs8_NtCshvc1CuooLOl_16wgpu_3dgs_editor8modifierINtB5_13BasicModifierpNtB5_13WithSelectionE18new_with_selectionB7_
FN:319,_RNvMs_NtCshvc1CuooLOl_16wgpu_3dgs_editor8modifierINtB4_19BasicModifierBundlepppE6bundleB6_
FN:230,_RNvXININtCshvc1CuooLOl_16wgpu_3dgs_editor8modifier0ppEpINtB5_8ModifierpE5applyB7_
FN:524,_RNvXININtCshvc1CuooLOl_16wgpu_3dgs_editor8modifiers3_0ppEINtB5_19BasicModifierBundleppEINtB5_8ModifierpE5applyB7_
FN:676,_RNvXININtCshvc1CuooLOl_16wgpu_3dgs_editor8modifiers9_0ppEINtB5_13BasicModifierppEINtB5_8ModifierpE5applyB7_
FN:407,_RNCNvMs0_NtCsfRa0hmhSDV_16wgpu_3dgs_editor8modifierINtB7_19BasicModifierBundlepE21create_bundle_builder0B9_
FN:369,_RNCNvMs0_NtCsfRa0hmhSDV_16wgpu_3dgs_editor8modifierINtB7_19BasicModifierBundlepE3new0B9_
FN:373,_RNCNvMs0_NtCsfRa0hmhSDV_16wgpu_3dgs_editor8modifierINtB7_19BasicModifierBundlepE3news_0B9_
FN:507,_RNCNvMs1_NtCsfRa0hmhSDV_16wgpu_3dgs_editor8modifierINtB7_19BasicModifierBundlepNtB7_13WithSelectionE18new_with_selection0B9_
FN:511,_RNCNvMs1_NtCsfRa0hmhSDV_16wgpu_3dgs_editor8modifierINtB7_19BasicModifierBundlepNtB7_13WithSelectionE18new_with_selections_0B9_
FN:542,_RNCNvMs4_NtCsfRa0hmhSDV_16wgpu_3dgs_editor8modifierINtB7_19BasicModifierBundlepNtB7_11NoSelectionuE22new_without_bind_group0B9_
FN:556,_RNCNvMs5_NtCsfRa0hmhSDV_16wgpu_3dgs_editor8modifierINtB7_19BasicModifierBundlepNtB7_13WithSelectionuE37new_without_bind_group_with_selection0B9_
FN:378,_RNvMs0_NtCsfRa0hmhSDV_16wgpu_3dgs_editor8modifierINtB5_19BasicModifierBundlepE21create_bundle_builderB7_
FN:343,_RNvMs0_NtCsfRa0hmhSDV_16wgpu_3dgs_editor8modifierINtB5_19BasicModifierBundlepE3newB7_
FN:479,_RNvMs1_NtCsfRa0hmhSDV_16wgpu_3dgs_editor8modifierINtB5_19BasicModifierBundlepNtB5_13WithSelectionE18new_with_selectionB7_
FN:518,_RNvMs2_NtCsfRa0hmhSDV_16wgpu_3dgs_editor8modifierINtB5_19BasicModifierBundleppE16apply_with_countB7_
FN:538,_RNvMs4_NtCsfRa0hmhSDV_16wgpu_3dgs_editor8modifierINtB5_19BasicModifierBundlepNtB5_11NoSelectionuE22new_without_bind_groupB7_
FN:552,_RNvMs5_NtCsfRa0hmhSDV_16wgpu_3dgs_editor8modifierINtB5_19BasicModifierBundlepNtB5_13WithSelectionuE37new_without_bind_group_with_selectionB7_
FN:569,_RNvMs6_NtCsfRa0hmhSDV_16wgpu_3dgs_editor8modifierINtB5_19BasicModifierBundleppuE16apply_with_countB7_
FN:595,_RNvMs7_NtCsfRa0hmhSDV_16wgpu_3dgs_editor8modifierINtB5_13BasicModifierpE3newB7_
FN:635,_RNvMs8_NtCsfRa0hmhSDV_16wgpu_3dgs_editor8modifierINtB5_13BasicModifierpNtB5_13WithSelectionE18new_with_selectionB7_
FN:319,_RNvMs_NtCsfRa0hmhSDV_16wgpu_3dgs_editor8modifierINtB4_19BasicModifierBundlepppE6bundleB6_
FN:230,_RNvXININtCsfRa0hmhSDV_16wgpu_3dgs_editor8modifier0ppEpINtB5_8ModifierpE5applyB7_
FN:524,_RNvXININtCsfRa0hmhSDV_16wgpu_3dgs_editor8modifiers3_0ppEINtB5_19BasicModifierBundleppEINtB5_8ModifierpE5applyB7_
FN:676,_RNvXININtCsfRa0hmhSDV_16wgpu_3dgs_editor8modifiers9_0ppEINtB5_13BasicModifierppEINtB5_8ModifierpE5applyB7_
FN:230,_RNvXNtCshvc1CuooLOl_16wgpu_3dgs_editor8modifierNCNCNCNvCs9G3cDZBqt4h_23custom_modify_selection4main0s0_0s_0INtB2_8ModifierNtNtNtCs4s5mMxNcd3_14wgpu_3dgs_core6buffer8gaussian43GaussianPodWithShSingleCov3dRotScaleConfigsE5applyBR_
FN:407,_RNCNvMs0_NtCshvc1CuooLOl_16wgpu_3dgs_editor8modifierINtB7_19BasicModifierBundleNtNtNtCs4s5mMxNcd3_14wgpu_3dgs_core6buffer8gaussian43GaussianPodWithShSingleCov3dRotScaleConfigsE21create_bundle_builder0CshTjBx2UwoCL_16modify_selection
FN:507,_RNCNvMs1_NtCshvc1CuooLOl_16wgpu_3dgs_editor8modifierINtB7_19BasicModifierBundleNtNtNtCs4s5mMxNcd3_14wgpu_3dgs_core6buffer8gaussian43GaussianPodWithShSingleCov3dRotScaleConfigsNtB7_13WithSelectionE18new_with_selection0CshTjBx2UwoCL_16modify_selection
FN:511,_RNCNvMs1_NtCshvc1CuooLOl_16wgpu_3dgs_editor8modifierINtB7_19BasicModifierBundleNtNtNtCs4s5mMxNcd3_14wgpu_3dgs_core6buffer8gaussian43GaussianPodWithShSingleCov3dRotScaleConfigsNtB7_13WithSelectionE18new_with_selections_0CshTjBx2UwoCL_16modify_selection
FN:378,_RNvMs0_NtCshvc1CuooLOl_16wgpu_3dgs_editor8modifierINtB5_19BasicModifierBundleNtNtNtCs4s5mMxNcd3_14wgpu_3dgs_core6buffer8gaussian43GaussianPodWithShSingleCov3dRotScaleConfigsE21create_bundle_builderCshTjBx2UwoCL_16modify_selection
FN:479,_RNvMs1_NtCshvc1CuooLOl_16wgpu_3dgs_editor8modifierINtB5_19BasicModifierBundleNtNtNtCs4s5mMxNcd3_14wgpu_3dgs_core6buffer8gaussian43GaussianPodWithShSingleCov3dRotScaleConfigsNtB5_13WithSelectionE18new_with_selectionCshTjBx2UwoCL_16modify_selection
FN:518,_RNvMs2_NtCshvc1CuooLOl_16wgpu_3dgs_editor8modifierINtB5_19BasicModifierBundleNtNtNtCs4s5mMxNcd3_14wgpu_3dgs_core6buffer8gaussian43GaussianPodWithShSingleCov3dRotScaleConfigsNtB5_13WithSelectionE16apply_with_countCshTjBx2UwoCL_16modify_selection
FN:635,_RNvMs8_NtCshvc1CuooLOl_16wgpu_3dgs_editor8modifierINtB5_13BasicModifierNtNtNtCs4s5mMxNcd3_14wgpu_3dgs_core6buffer8gaussian43GaussianPodWithShSingleCov3dRotScaleConfigsNtB5_13WithSelectionE18new_with_selectionCshTjBx2UwoCL_16modify_selection
FN:319,_RNvMs_NtCshvc1CuooLOl_16wgpu_3dgs_editor8modifierINtB4_19BasicModifierBundleNtNtNtCs4s5mMxNcd3_14wgpu_3dgs_core6buffer8gaussian43GaussianPodWithShSingleCov3dRotScaleConfigsNtB4_13WithSelectionE6bundleCshTjBx2UwoCL_16modify_selection
FN:524,_RNvXs3_NtCshvc1CuooLOl_16wgpu_3dgs_editor8modifierINtB5_19BasicModifierBundleNtNtNtCs4s5mMxNcd3_14wgpu_3dgs_core6buffer8gaussian43GaussianPodWithShSingleCov3dRotScaleConfigsNtB5_13WithSelectionEINtB5_8ModifierB1d_E5applyCshTjBx2UwoCL_16modify_selection
FN:676,_RNvXs9_NtCshvc1CuooLOl_16wgpu_3dgs_editor8modifierINtB5_13BasicModifierNtNtNtCs4s5mMxNcd3_14wgpu_3dgs_core6buffer8gaussian43GaussianPodWithShSingleCov3dRotScaleConfigsNtB5_13WithSelectionEINtB5_8ModifierB17_E5applyCshTjBx2UwoCL_16modify_selection
FN:407,_RNCNvMs0_NtCshvc1CuooLOl_16wgpu_3dgs_editor8modifierINtB7_19BasicModifierBundleNtNtNtCs4s5mMxNcd3_14wgpu_3dgs_core6buffer8gaussian43GaussianPodWithShSingleCov3dRotScaleConfigsE21create_bundle_builder0Csgi8pZitSmR4_6modify
FN:369,_RNCNvMs0_NtCshvc1CuooLOl_16wgpu_3dgs_editor8modifierINtB7_19BasicModifierBundleNtNtNtCs4s5mMxNcd3_14wgpu_3dgs_core6buffer8gaussian43GaussianPodWithShSingleCov3dRotScaleConfigsE3new0Csgi8pZitSmR4_6modify
FN:373,_RNCNvMs0_NtCshvc1CuooLOl_16wgpu_3dgs_editor8modifierINtB7_19BasicModifierBundleNtNtNtCs4s5mMxNcd3_14wgpu_3dgs_core6buffer8gaussian43GaussianPodWithShSingleCov3dRotScaleConfigsE3news_0Csgi8pZitSmR4_6modify
FN:378,_RNvMs0_NtCshvc1CuooLOl_16wgpu_3dgs_editor8modifierINtB5_19BasicModifierBundleNtNtNtCs4s5mMxNcd3_14wgpu_3dgs_core6buffer8gaussian43GaussianPodWithShSingleCov3dRotScaleConfigsE21create_bundle_builderCsgi8pZitSmR4_6modify
FN:343,_RNvMs0_NtCshvc1CuooLOl_16wgpu_3dgs_editor8modifierINtB5_19BasicModifierBundleNtNtNtCs4s5mMxNcd3_14wgpu_3dgs_core6buffer8gaussian43GaussianPodWithShSingleCov3dRotScaleConfigsE3newCsgi8pZitSmR4_6modify
FN:518,_RNvMs2_NtCshvc1CuooLOl_16wgpu_3dgs_editor8modifierINtB5_19BasicModifierBundleNtNtNtCs4s5mMxNcd3_14wgpu_3dgs_core6buffer8gaussian43GaussianPodWithShSingleCov3dRotScaleConfigsE16apply_with_countCsgi8pZitSmR4_6modify
FN:595,_RNvMs7_NtCshvc1CuooLOl_16wgpu_3dgs_editor8modifierINtB5_13BasicModifierNtNtNtCs4s5mMxNcd3_14wgpu_3dgs_core6buffer8gaussian43GaussianPodWithShSingleCov3dRotScaleConfigsE3newCsgi8pZitSmR4_6modify
FN:319,_RNvMs_NtCshvc1CuooLOl_16wgpu_3dgs_editor8modifierINtB4_19BasicModifierBundleNtNtNtCs4s5mMxNcd3_14wgpu_3dgs_core6buffer8gaussian43GaussianPodWithShSingleCov3dRotScaleConfigsE6bundleCsgi8pZitSmR4_6modify
FN:524,_RNvXs3_NtCshvc1CuooLOl_16wgpu_3dgs_editor8modifierINtB5_19BasicModifierBundleNtNtNtCs4s5mMxNcd3_14wgpu_3dgs_core6buffer8gaussian43GaussianPodWithShSingleCov3dRotScaleConfigsEINtB5_8ModifierB1d_E5applyCsgi8pZitSmR4_6modify
FN:676,_RNvXs9_NtCshvc1CuooLOl_16wgpu_3dgs_editor8modifierINtB5_13BasicModifierNtNtNtCs4s5mMxNcd3_14wgpu_3dgs_core6buffer8gaussian43GaussianPodWithShSingleCov3dRotScaleConfigsEINtB5_8ModifierB17_E5applyCsgi8pZitSmR4_6modify
FNDA:1,_RNvXNtCshvc1CuooLOl_16wgpu_3dgs_editor8modifierNCNvNtNtCsixpCcd3N6Ya_3mod3e2e8modifiers_52test_modifier_apply_when_impl_is_fn_should_call_self0INtB2_8ModifierNtNtNtCs4s5mMxNcd3_14wgpu_3dgs_core6buffer8gaussian43GaussianPodWithShSingleCov3dRotScaleConfigsE5applyBR_
FNDA:104,_RNCNvMs0_NtCshvc1CuooLOl_16wgpu_3dgs_editor8modifierINtB7_19BasicModifierBundleNtNtNtCs4s5mMxNcd3_14wgpu_3dgs_core6buffer8gaussian43GaussianPodWithShSingleCov3dRotScaleConfigsE21create_bundle_builder0CsixpCcd3N6Ya_3mod
FNDA:8,_RNCNvMs0_NtCshvc1CuooLOl_16wgpu_3dgs_editor8modifierINtB7_19BasicModifierBundleNtNtNtCs4s5mMxNcd3_14wgpu_3dgs_core6buffer8gaussian43GaussianPodWithShSingleCov3dRotScaleConfigsE3new0CsixpCcd3N6Ya_3mod
FNDA:0,_RNCNvMs0_NtCshvc1CuooLOl_16wgpu_3dgs_editor8modifierINtB7_19BasicModifierBundleNtNtNtCs4s5mMxNcd3_14wgpu_3dgs_core6buffer8gaussian43GaussianPodWithShSingleCov3dRotScaleConfigsE3news_0CsixpCcd3N6Ya_3mod
FNDA:3,_RNCNvMs1_NtCshvc1CuooLOl_16wgpu_3dgs_editor8modifierINtB7_19BasicModifierBundleNtNtNtCs4s5mMxNcd3_14wgpu_3dgs_core6buffer8gaussian43GaussianPodWithShSingleCov3dRotScaleConfigsNtB7_13WithSelectionE18new_with_selection0CsixpCcd3N6Ya_3mod
FNDA:0,_RNCNvMs1_NtCshvc1CuooLOl_16wgpu_3dgs_editor8modifierINtB7_19BasicModifierBundleNtNtNtCs4s5mMxNcd3_14wgpu_3dgs_core6buffer8gaussian43GaussianPodWithShSingleCov3dRotScaleConfigsNtB7_13WithSelectionE18new_with_selections_0CsixpCcd3N6Ya_3mod
FNDA:1,_RNCNvMs4_NtCshvc1CuooLOl_16wgpu_3dgs_editor8modifierINtB7_19BasicModifierBundleNtNtNtCs4s5mMxNcd3_14wgpu_3dgs_core6buffer8gaussian43GaussianPodWithShSingleCov3dRotScaleConfigsNtB7_11NoSelectionuE22new_without_bind_group0CsixpCcd3N6Ya_3mod
FNDA:1,_RNCNvMs5_NtCshvc1CuooLOl_16wgpu_3dgs_editor8modifierINtB7_19BasicModifierBundleNtNtNtCs4s5mMxNcd3_14wgpu_3dgs_core6buffer8gaussian43GaussianPodWithShSingleCov3dRotScaleConfigsNtB7_13WithSelectionuE37new_without_bind_group_with_selection0CsixpCcd3N6Ya_3mod
FNDA:13,_RNvMs0_NtCshvc1CuooLOl_16wgpu_3dgs_editor8modifierINtB5_19BasicModifierBundleNtNtNtCs4s5mMxNcd3_14wgpu_3dgs_core6buffer8gaussian43GaussianPodWithShSingleCov3dRotScaleConfigsE21create_bundle_builderCsixpCcd3N6Ya_3mod
FNDA:8,_RNvMs0_NtCshvc1CuooLOl_16wgpu_3dgs_editor8modifierINtB5_19BasicModifierBundleNtNtNtCs4s5mMxNcd3_14wgpu_3dgs_core6buffer8gaussian43GaussianPodWithShSingleCov3dRotScaleConfigsE3newCsixpCcd3N6Ya_3mod
FNDA:3,_RNvMs1_NtCshvc1CuooLOl_16wgpu_3dgs_editor8modifierINtB5_19BasicModifierBundleNtNtNtCs4s5mMxNcd3_14wgpu_3dgs_core6buffer8gaussian43GaussianPodWithShSingleCov3dRotScaleConfigsNtB5_13WithSelectionE18new_with_selectionCsixpCcd3N6Ya_3mod
FNDA:5,_RNvMs2_NtCshvc1CuooLOl_16wgpu_3dgs_editor8modifierINtB5_19BasicModifierBundleNtNtNtCs4s5mMxNcd3_14wgpu_3dgs_core6buffer8gaussian43GaussianPodWithShSingleCov3dRotScaleConfigsE16apply_with_countCsixpCcd3N6Ya_3mod
FNDA:3,_RNvMs2_NtCshvc1CuooLOl_16wgpu_3dgs_editor8modifierINtB5_19BasicModifierBundleNtNtNtCs4s5mMxNcd3_14wgpu_3dgs_core6buffer8gaussian43GaussianPodWithShSingleCov3dRotScaleConfigsNtB5_13WithSelectionE16apply_with_countCsixpCcd3N6Ya_3mod
FNDA:1,_RNvMs4_NtCshvc1CuooLOl_16wgpu_3dgs_editor8modifierINtB5_19BasicModifierBundleNtNtNtCs4s5mMxNcd3_14wgpu_3dgs_core6buffer8gaussian43GaussianPodWithShSingleCov3dRotScaleConfigsNtB5_11NoSelectionuE22new_without_bind_groupCsixpCcd3N6Ya_3mod
FNDA:1,_RNvMs5_NtCshvc1CuooLOl_16wgpu_3dgs_editor8modifierINtB5_19BasicModifierBundleNtNtNtCs4s5mMxNcd3_14wgpu_3dgs_core6buffer8gaussian43GaussianPodWithShSingleCov3dRotScaleConfigsNtB5_13WithSelectionuE37new_without_bind_group_with_selectionCsixpCcd3N6Ya_3mod
FNDA:1,_RNvMs6_NtCshvc1CuooLOl_16wgpu_3dgs_editor8modifierINtB5_19BasicModifierBundleNtNtNtCs4s5mMxNcd3_14wgpu_3dgs_core6buffer8gaussian43GaussianPodWithShSingleCov3dRotScaleConfigsNtB5_11NoSelectionuE16apply_with_countCsixpCcd3N6Ya_3mod
FNDA:1,_RNvMs6_NtCshvc1CuooLOl_16wgpu_3dgs_editor8modifierINtB5_19BasicModifierBundleNtNtNtCs4s5mMxNcd3_14wgpu_3dgs_core6buffer8gaussian43GaussianPodWithShSingleCov3dRotScaleConfigsNtB5_13WithSelectionuE16apply_with_countCsixpCcd3N6Ya_3mod
FNDA:8,_RNvMs7_NtCshvc1CuooLOl_16wgpu_3dgs_editor8modifierINtB5_13BasicModifierNtNtNtCs4s5mMxNcd3_14wgpu_3dgs_core6buffer8gaussian43GaussianPodWithShSingleCov3dRotScaleConfigsE3newCsixpCcd3N6Ya_3mod
FNDA:3,_RNvMs8_NtCshvc1CuooLOl_16wgpu_3dgs_editor8modifierINtB5_13BasicModifierNtNtNtCs4s5mMxNcd3_14wgpu_3dgs_core6buffer8gaussian43GaussianPodWithShSingleCov3dRotScaleConfigsNtB5_13WithSelectionE18new_with_selectionCsixpCcd3N6Ya_3mod
FNDA:5,_RNvMs_NtCshvc1CuooLOl_16wgpu_3dgs_editor8modifierINtB4_19BasicModifierBundleNtNtNtCs4s5mMxNcd3_14wgpu_3dgs_core6buffer8gaussian43GaussianPodWithShSingleCov3dRotScaleConfigsE6bundleCsixpCcd3N6Ya_3mod
FNDA:3,_RNvMs_NtCshvc1CuooLOl_16wgpu_3dgs_editor8modifierINtB4_19BasicModifierBundleNtNtNtCs4s5mMxNcd3_14wgpu_3dgs_core6buffer8gaussian43GaussianPodWithShSingleCov3dRotScaleConfigsNtB4_11NoSelectionuE6bundleCsixpCcd3N6Ya_3mod
FNDA:3,_RNvMs_NtCshvc1CuooLOl_16wgpu_3dgs_editor8modifierINtB4_19BasicModifierBundleNtNtNtCs4s5mMxNcd3_14wgpu_3dgs_core6buffer8gaussian43GaussianPodWithShSingleCov3dRotScaleConfigsNtB4_13WithSelectionE6bundleCsixpCcd3N6Ya_3mod
FNDA:3,_RNvMs_NtCshvc1CuooLOl_16wgpu_3dgs_editor8modifierINtB4_19BasicModifierBundleNtNtNtCs4s5mMxNcd3_14wgpu_3dgs_core6buffer8gaussian43GaussianPodWithShSingleCov3dRotScaleConfigsNtB4_13WithSelectionuE6bundleCsixpCcd3N6Ya_3mod
FNDA:5,_RNvXs3_NtCshvc1CuooLOl_16wgpu_3dgs_editor8modifierINtB5_19BasicModifierBundleNtNtNtCs4s5mMxNcd3_14wgpu_3dgs_core6buffer8gaussian43GaussianPodWithShSingleCov3dRotScaleConfigsEINtB5_8ModifierB1d_E5applyCsixpCcd3N6Ya_3mod
FNDA:3,_RNvXs3_NtCshvc1CuooLOl_16wgpu_3dgs_editor8modifierINtB5_19BasicModifierBundleNtNtNtCs4s5mMxNcd3_14wgpu_3dgs_core6buffer8gaussian43GaussianPodWithShSingleCov3dRotScaleConfigsNtB5_13WithSelectionEINtB5_8ModifierB1d_E5applyCsixpCcd3N6Ya_3mod
FNDA:5,_RNvXs9_NtCshvc1CuooLOl_16wgpu_3dgs_editor8modifierINtB5_13BasicModifierNtNtNtCs4s5mMxNcd3_14wgpu_3dgs_core6buffer8gaussian43GaussianPodWithShSingleCov3dRotScaleConfigsEINtB5_8ModifierB17_E5applyCsixpCcd3N6Ya_3mod
FNDA:3,_RNvXs9_NtCshvc1CuooLOl_16wgpu_3dgs_editor8modifierINtB5_13BasicModifierNtNtNtCs4s5mMxNcd3_14wgpu_3dgs_core6buffer8gaussian43GaussianPodWithShSingleCov3dRotScaleConfigsNtB5_13WithSelectionEINtB5_8ModifierB17_E5applyCsixpCcd3N6Ya_3mod
FNDA:0,_RNCNvMs0_NtCshvc1CuooLOl_16wgpu_3dgs_editor8modifierINtB7_19BasicModifierBundlepE21create_bundle_builder0B9_
FNDA:0,_RNCNvMs0_NtCshvc1CuooLOl_16wgpu_3dgs_editor8modifierINtB7_19BasicModifierBundlepE3new0B9_
FNDA:0,_RNCNvMs0_NtCshvc1CuooLOl_16wgpu_3dgs_editor8modifierINtB7_19BasicModifierBundlepE3news_0B9_
FNDA:0,_RNCNvMs1_NtCshvc1CuooLOl_16wgpu_3dgs_editor8modifierINtB7_19BasicModifierBundlepNtB7_13WithSelectionE18new_with_selection0B9_
FNDA:0,_RNCNvMs1_NtCshvc1CuooLOl_16wgpu_3dgs_editor8modifierINtB7_19BasicModifierBundlepNtB7_13WithSelectionE18new_with_selections_0B9_
FNDA:0,_RNCNvMs4_NtCshvc1CuooLOl_16wgpu_3dgs_editor8modifierINtB7_19BasicModifierBundlepNtB7_11NoSelectionuE22new_without_bind_group0B9_
FNDA:0,_RNCNvMs5_NtCshvc1CuooLOl_16wgpu_3dgs_editor8modifierINtB7_19BasicModifierBundlepNtB7_13WithSelectionuE37new_without_bind_group_with_selection0B9_
FNDA:0,_RNvMs0_NtCshvc1CuooLOl_16wgpu_3dgs_editor8modifierINtB5_19BasicModifierBundlepE21create_bundle_builderB7_
FNDA:0,_RNvMs0_NtCshvc1CuooLOl_16wgpu_3dgs_editor8modifierINtB5_19BasicModifierBundlepE3newB7_
FNDA:0,_RNvMs1_NtCshvc1CuooLOl_16wgpu_3dgs_editor8modifierINtB5_19BasicModifierBundlepNtB5_13WithSelectionE18new_with_selectionB7_
FNDA:0,_RNvMs2_NtCshvc1CuooLOl_16wgpu_3dgs_editor8modifierINtB5_19BasicModifierBundleppE16apply_with_countB7_
FNDA:0,_RNvMs4_NtCshvc1CuooLOl_16wgpu_3dgs_editor8modifierINtB5_19BasicModifierBundlepNtB5_11NoSelectionuE22new_without_bind_groupB7_
FNDA:0,_RNvMs5_NtCshvc1CuooLOl_16wgpu_3dgs_editor8modifierINtB5_19BasicModifierBundlepNtB5_13WithSelectionuE37new_without_bind_group_with_selectionB7_
FNDA:0,_RNvMs6_NtCshvc1CuooLOl_16wgpu_3dgs_editor8modifierINtB5_19BasicModifierBundleppuE16apply_with_countB7_
FNDA:0,_RNvMs7_NtCshvc1CuooLOl_16wgpu_3dgs_editor8modifierINtB5_13BasicModifierpE3newB7_
FNDA:0,_RNvMs8_NtCshvc1CuooLOl_16wgpu_3dgs_editor8modifierINtB5_13BasicModifierpNtB5_13WithSelectionE18new_with_selectionB7_
FNDA:0,_RNvMs_NtCshvc1CuooLOl_16wgpu_3dgs_editor8modifierINtB4_19BasicModifierBundlepppE6bundleB6_
FNDA:0,_RNvXININtCshvc1CuooLOl_16wgpu_3dgs_editor8modifier0ppEpINtB5_8ModifierpE5applyB7_
FNDA:0,_RNvXININtCshvc1CuooLOl_16wgpu_3dgs_editor8modifiers3_0ppEINtB5_19BasicModifierBundleppEINtB5_8ModifierpE5applyB7_
FNDA:0,_RNvXININtCshvc1CuooLOl_16wgpu_3dgs_editor8modifiers9_0ppEINtB5_13BasicModifierppEINtB5_8ModifierpE5applyB7_
FNDA:0,_RNCNvMs0_NtCsfRa0hmhSDV_16wgpu_3dgs_editor8modifierINtB7_19BasicModifierBundlepE21create_bundle_builder0B9_
FNDA:0,_RNCNvMs0_NtCsfRa0hmhSDV_16wgpu_3dgs_editor8modifierINtB7_19BasicModifierBundlepE3new0B9_
FNDA:0,_RNCNvMs0_NtCsfRa0hmhSDV_16wgpu_3dgs_editor8modifierINtB7_19BasicModifierBundlepE3news_0B9_
FNDA:0,_RNCNvMs1_NtCsfRa0hmhSDV_16wgpu_3dgs_editor8modifierINtB7_19BasicModifierBundlepNtB7_13WithSelectionE18new_with_selection0B9_
FNDA:0,_RNCNvMs1_NtCsfRa0hmhSDV_16wgpu_3dgs_editor8modifierINtB7_19BasicModifierBundlepNtB7_13WithSelectionE18new_with_selections_0B9_
FNDA:0,_RNCNvMs4_NtCsfRa0hmhSDV_16wgpu_3dgs_editor8modifierINtB7_19BasicModifierBundlepNtB7_11NoSelectionuE22new_without_bind_group0B9_
FNDA:0,_RNCNvMs5_NtCsfRa0hmhSDV_16wgpu_3dgs_editor8modifierINtB7_19BasicModifierBundlepNtB7_13WithSelectionuE37new_without_bind_group_with_selection0B9_
FNDA:0,_RNvMs0_NtCsfRa0hmhSDV_16wgpu_3dgs_editor8modifierINtB5_19BasicModifierBundlepE21create_bundle_builderB7_
FNDA:0,_RNvMs0_NtCsfRa0hmhSDV_16wgpu_3dgs_editor8modifierINtB5_19BasicModifierBundlepE3newB7_
FNDA:0,_RNvMs1_NtCsfRa0hmhSDV_16wgpu_3dgs_editor8modifierINtB5_19BasicModifierBundlepNtB5_13WithSelectionE18new_with_selectionB7_
FNDA:0,_RNvMs2_NtCsfRa0hmhSDV_16wgpu_3dgs_editor8modifierINtB5_19BasicModifierBundleppE16apply_with_countB7_
FNDA:0,_RNvMs4_NtCsfRa0hmhSDV_16wgpu_3dgs_editor8modifierINtB5_19BasicModifierBundlepNtB5_11NoSelectionuE22new_without_bind_groupB7_
FNDA:0,_RNvMs5_NtCsfRa0hmhSDV_16wgpu_3dgs_editor8modifierINtB5_19BasicModifierBundlepNtB5_13WithSelectionuE37new_without_bind_group_with_selectionB7_
FNDA:0,_RNvMs6_NtCsfRa0hmhSDV_16wgpu_3dgs_editor8modifierINtB5_19BasicModifierBundleppuE16apply_with_countB7_
FNDA:0,_RNvMs7_NtCsfRa0hmhSDV_16wgpu_3dgs_editor8modifierINtB5_13BasicModifierpE3newB7_
FNDA:0,_RNvMs8_NtCsfRa0hmhSDV_16wgpu_3dgs_editor8modifierINtB5_13BasicModifierpNtB5_13WithSelectionE18new_with_selectionB7_
FNDA:0,_RNvMs_NtCsfRa0hmhSDV_16wgpu_3dgs_editor8modifierINtB4_19BasicModifierBundlepppE6bundleB6_
FNDA:0,_RNvXININtCsfRa0hmhSDV_16wgpu_3dgs_editor8modifier0ppEpINtB5_8ModifierpE5applyB7_
FNDA:0,_RNvXININtCsfRa0hmhSDV_16wgpu_3dgs_editor8modifiers3_0ppEINtB5_19BasicModifierBundleppEINtB5_8ModifierpE5applyB7_
FNDA:0,_RNvXININtCsfRa0hmhSDV_16wgpu_3dgs_editor8modifiers9_0ppEINtB5_13BasicModifierppEINtB5_8ModifierpE5applyB7_
FNDA:1,_RNvXNtCshvc1CuooLOl_16wgpu_3dgs_editor8modifierNCNCNCNvCs9G3cDZBqt4h_23custom_modify_selection4main0s0_0s_0INtB2_8ModifierNtNtNtCs4s5mMxNcd3_14wgpu_3dgs_core6buffer8gaussian43GaussianPodWithShSingleCov3dRotScaleConfigsE5applyBR_
FNDA:0,_RNCNvMs0_NtCshvc1CuooLOl_16wgpu_3dgs_editor8modifierINtB7_19BasicModifierBundleNtNtNtCs4s5mMxNcd3_14wgpu_3dgs_core6buffer8gaussian43GaussianPodWithShSingleCov3dRotScaleConfigsE21create_bundle_builder0CshTjBx2UwoCL_16modify_selection
FNDA:0,_RNCNvMs1_NtCshvc1CuooLOl_16wgpu_3dgs_editor8modifierINtB7_19BasicModifierBundleNtNtNtCs4s5mMxNcd3_14wgpu_3dgs_core6buffer8gaussian43GaussianPodWithShSingleCov3dRotScaleConfigsNtB7_13WithSelectionE18new_with_selection0CshTjBx2UwoCL_16modify_selection
FNDA:0,_RNCNvMs1_NtCshvc1CuooLOl_16wgpu_3dgs_editor8modifierINtB7_19BasicModifierBundleNtNtNtCs4s5mMxNcd3_14wgpu_3dgs_core6buffer8gaussian43GaussianPodWithShSingleCov3dRotScaleConfigsNtB7_13WithSelectionE18new_with_selections_0CshTjBx2UwoCL_16modify_selection
FNDA:0,_RNvMs0_NtCshvc1CuooLOl_16wgpu_3dgs_editor8modifierINtB5_19BasicModifierBundleNtNtNtCs4s5mMxNcd3_14wgpu_3dgs_core6buffer8gaussian43GaussianPodWithShSingleCov3dRotScaleConfigsE21create_bundle_builderCshTjBx2UwoCL_16modify_selection
FNDA:0,_RNvMs1_NtCshvc1CuooLOl_16wgpu_3dgs_editor8modifierINtB5_19BasicModifierBundleNtNtNtCs4s5mMxNcd3_14wgpu_3dgs_core6buffer8gaussian43GaussianPodWithShSingleCov3dRotScaleConfigsNtB5_13WithSelectionE18new_with_selectionCshTjBx2UwoCL_16modify_selection
FNDA:0,_RNvMs2_NtCshvc1CuooLOl_16wgpu_3dgs_editor8modifierINtB5_19BasicModifierBundleNtNtNtCs4s5mMxNcd3_14wgpu_3dgs_core6buffer8gaussian43GaussianPodWithShSingleCov3dRotScaleConfigsNtB5_13WithSelectionE16apply_with_countCshTjBx2UwoCL_16modify_selection
FNDA:0,_RNvMs8_NtCshvc1CuooLOl_16wgpu_3dgs_editor8modifierINtB5_13BasicModifierNtNtNtCs4s5mMxNcd3_14wgpu_3dgs_core6buffer8gaussian43GaussianPodWithShSingleCov3dRotScaleConfigsNtB5_13WithSelectionE18new_with_selectionCshTjBx2UwoCL_16modify_selection
FNDA:0,_RNvMs_NtCshvc1CuooLOl_16wgpu_3dgs_editor8modifierINtB4_19BasicModifierBundleNtNtNtCs4s5mMxNcd3_14wgpu_3dgs_core6buffer8gaussian43GaussianPodWithShSingleCov3dRotScaleConfigsNtB4_13WithSelectionE6bundleCshTjBx2UwoCL_16modify_selection
FNDA:0,_RNvXs3_NtCshvc1CuooLOl_16wgpu_3dgs_editor8modifierINtB5_19BasicModifierBundleNtNtNtCs4s5mMxNcd3_14wgpu_3dgs_core6buffer8gaussian43GaussianPodWithShSingleCov3dRotScaleConfigsNtB5_13WithSelectionEINtB5_8ModifierB1d_E5applyCshTjBx2UwoCL_16modify_selection
FNDA:0,_RNvXs9_NtCshvc1CuooLOl_16wgpu_3dgs_editor8modifierINtB5_13BasicModifierNtNtNtCs4s5mMxNcd3_14wgpu_3dgs_core6buffer8gaussian43GaussianPodWithShSingleCov3dRotScaleConfigsNtB5_13WithSelectionEINtB5_8ModifierB17_E5applyCshTjBx2UwoCL_16modify_selection
FNDA:0,_RNCNvMs0_NtCshvc1CuooLOl_16wgpu_3dgs_editor8modifierINtB7_19BasicModifierBundleNtNtNtCs4s5mMxNcd3_14wgpu_3dgs_core6buffer8gaussian43GaussianPodWithShSingleCov3dRotScaleConfigsE21create_bundle_builder0Csgi8pZitSmR4_6modify
FNDA:0,_RNCNvMs0_NtCshvc1CuooLOl_16wgpu_3dgs_editor8modifierINtB7_19BasicModifierBundleNtNtNtCs4s5mMxNcd3_14wgpu_3dgs_core6buffer8gaussian43GaussianPodWithShSingleCov3dRotScaleConfigsE3new0Csgi8pZitSmR4_6modify
FNDA:0,_RNCNvMs0_NtCshvc1CuooLOl_16wgpu_3dgs_editor8modifierINtB7_19BasicModifierBundleNtNtNtCs4s5mMxNcd3_14wgpu_3dgs_core6buffer8gaussian43GaussianPodWithShSingleCov3dRotScaleConfigsE3news_0Csgi8pZitSmR4_6modify
FNDA:0,_RNvMs0_NtCshvc1CuooLOl_16wgpu_3dgs_editor8modifierINtB5_19BasicModifierBundleNtNtNtCs4s5mMxNcd3_14wgpu_3dgs_core6buffer8gaussian43GaussianPodWithShSingleCov3dRotScaleConfigsE21create_bundle_builderCsgi8pZitSmR4_6modify
FNDA:0,_RNvMs0_NtCshvc1CuooLOl_16wgpu_3dgs_editor8modifierINtB5_19BasicModifierBundleNtNtNtCs4s5mMxNcd3_14wgpu_3dgs_core6buffer8gaussian43GaussianPodWithShSingleCov3dRotScaleConfigsE3newCsgi8pZitSmR4_6modify
FNDA:0,_RNvMs2_NtCshvc1CuooLOl_16wgpu_3dgs_editor8modifierINtB5_19BasicModifierBundleNtNtNtCs4s5mMxNcd3_14wgpu_3dgs_core6buffer8gaussian43GaussianPodWithShSingleCov3dRotScaleConfigsE16apply_with_countCsgi8pZitSmR4_6modify
FNDA:0,_RNvMs7_NtCshvc1CuooLOl_16wgpu_3dgs_editor8modifierINtB5_13BasicModifierNtNtNtCs4s5mMxNcd3_14wgpu_3dgs_core6buffer8gaussian43GaussianPodWithShSingleCov3dRotScaleConfigsE3newCsgi8pZitSmR4_6modify
FNDA:0,_RNvMs_NtCshvc1CuooLOl_16wgpu_3dgs_editor8modifierINtB4_19BasicModifierBundleNtNtNtCs4s5mMxNcd3_14wgpu_3dgs_core6buffer8gaussian43GaussianPodWithShSingleCov3dRotScaleConfigsE6bundleCsgi8pZitSmR4_6modify
FNDA:0,_RNvXs3_NtCshvc1CuooLOl_16wgpu_3dgs_editor8modifierINtB5_19BasicModifierBundleNtNtNtCs4s5mMxNcd3_14wgpu_3dgs_core6buffer8gaussian43GaussianPodWithShSingleCov3dRotScaleConfigsEINtB5_8ModifierB1d_E5applyCsgi8pZitSmR4_6modify
FNDA:0,_RNvXs9_NtCshvc1CuooLOl_16wgpu_3dgs_editor8modifierINtB5_13BasicModifierNtNtNtCs4s5mMxNcd3_14wgpu_3dgs_core6buffer8gaussian43GaussianPodWithShSingleCov3dRotScaleConfigsEINtB5_8ModifierB17_E5applyCsgi8pZitSmR4_6modify
FNF:20
FNH:18
DA:230,2
DA:231,2
DA:232,2
DA:233,2
DA:234,2
DA:235,2
DA:236,2
DA:237,2
DA:238,2
DA:239,2
DA:240,2
DA:241,2
DA:242,2
DA:243,2
DA:244,2
DA:245,2
DA:319,14
DA:320,14
DA:321,14
DA:343,8
DA:344,8
DA:345,8
DA:346,8
DA:347,8
DA:348,8
DA:349,8
DA:350,8
DA:351,8
DA:352,8
DA:353,8
DA:354,8
DA:355,8
DA:356,8
DA:357,8
DA:358,8
DA:359,8
DA:360,8
DA:361,8
DA:362,8
DA:363,8
DA:364,8
DA:365,8
DA:366,8
DA:368,8
DA:369,8
DA:370,8
DA:371,8
DA:372,8
DA:373,8
DA:374,8
DA:375,8
DA:378,13
DA:379,13
DA:380,13
DA:381,13
DA:382,13
DA:383,13
DA:384,13
DA:385,13
DA:386,4
DA:387,9
DA:390,13
DA:391,13
DA:392,13
DA:393,13
DA:394,13
DA:396,13
DA:397,13
DA:398,13
DA:399,13
DA:401,13
DA:402,13
DA:404,13
DA:405,13
DA:406,13
DA:407,104
DA:408,13
DA:409,13
DA:411,13
DA:413,13
DA:479,3
DA:480,3
DA:481,3
DA:482,3
DA:483,3
DA:484,3
DA:485,3
DA:486,3
DA:487,3
DA:488,3
DA:489,3
DA:490,3
DA:491,3
DA:492,3
DA:493,3
DA:494,3
DA:495,3
DA:496,3
DA:497,3
DA:498,3
DA:499,3
DA:500,3
DA:501,3
DA:502,3
DA:503,3
DA:504,3
DA:506,3
DA:507,3
DA:508,3
DA:509,3
DA:510,3
DA:511,3
DA:512,3
DA:513,3
DA:518,8
DA:519,8
DA:520,8
DA:524,8
DA:525,8
DA:526,8
DA:527,8
DA:528,8
DA:529,8
DA:530,8
DA:531,8
DA:532,8
DA:533,8
DA:538,1
DA:539,1
DA:540,1
DA:541,1
DA:542,1
DA:543,1
DA:544,1
DA:545,1
DA:546,1
DA:547,1
DA:552,1
DA:553,1
DA:554,1
DA:555,1
DA:556,1
DA:557,1
DA:558,1
DA:559,1
DA:560,1
DA:561,1
DA:569,2
DA:570,2
DA:571,2
DA:572,2
DA:573,2
DA:574,2
DA:575,2
DA:576,2
DA:577,2
DA:578,2
DA:595,8
DA:596,8
DA:597,8
DA:598,8
DA:599,8
DA:600,8
DA:601,8
DA:602,8
DA:604,8
DA:605,8
DA:607,8
DA:608,8
DA:610,8
DA:611,8
DA:612,8
DA:613,8
DA:614,8
DA:615,8
DA:616,8
DA:617,8
DA:618,8
DA:621,8
DA:623,8
DA:624,8
DA:625,8
DA:626,8
DA:627,8
DA:628,8
DA:629,8
DA:630,8
DA:635,3
DA:636,3
DA:637,3
DA:638,3
DA:639,3
DA:640,3
DA:641,3
DA:642,3
DA:643,3
DA:645,3
DA:646,3
DA:648,3
DA:649,3
DA:651,3
DA:652,3
DA:653,3
DA:654,3
DA:655,3
DA:656,3
DA:657,3
DA:658,3
DA:659,3
DA:660,3
DA:663,3
DA:665,3
DA:666,3
DA:667,3
DA:668,3
DA:669,3
DA:670,3
DA:671,3
DA:672,3
DA:676,8
DA:677,8
DA:678,8
DA:679,8
DA:680,8
DA:681,8
DA:682,8
DA:683,8
DA:684,8
DA:685,8
DA:686,8
DA:687,8
DA:688,8
DA:689,8
DA:691,8
BRF:0
BRH:0
LF:237
LH:235
end_of_record
SF:C:\Users\s2010\Me\Codes\Rust\wgpu-3dgs-editor\src\non_destructive_modifier.rs
FN:90,_RINvMNtCshvc1CuooLOl_16wgpu_3dgs_editor24non_destructive_modifierINtB3_22NonDestructiveModifierNtNtNtCs4s5mMxNcd3_14wgpu_3dgs_core6buffer8gaussian43GaussianPodWithShSingleCov3dRotScaleConfigsINtNtB5_8modifier13BasicModifierB1v_EE14try_apply_withNCNvB2_9try_apply0ECsixpCcd3N6Ya_3mod
FN:90,_RINvMNtCshvc1CuooLOl_16wgpu_3dgs_editor24non_destructive_modifierINtB3_22NonDestructiveModifierNtNtNtCs4s5mMxNcd3_14wgpu_3dgs_core6buffer8gaussian43GaussianPodWithShSingleCov3dRotScaleConfigsINtNtB5_8modifier13BasicModifierB1v_EE14try_apply_withNCNvNtNtCsixpCcd3N6Ya_3mod3e2e24non_destructive_modifiers_77test_non_destructive_modifier_try_apply_with_should_use_custom_apply_function0EB43_
FN:75,_RNCNvMNtCshvc1CuooLOl_16wgpu_3dgs_editor24non_destructive_modifierINtB4_22NonDestructiveModifierNtNtNtCs4s5mMxNcd3_14wgpu_3dgs_core6buffer8gaussian43GaussianPodWithShSingleCov3dRotScaleConfigsINtNtB6_8modifier13BasicModifierB1w_EE9try_apply0CsixpCcd3N6Ya_3mod
FN:23,_RNvMNtCshvc1CuooLOl_16wgpu_3dgs_editor24non_destructive_modifierINtB2_22NonDestructiveModifierNtNtNtCs4s5mMxNcd3_14wgpu_3dgs_core6buffer8gaussian43GaussianPodWithShSingleCov3dRotScaleConfigsINtNtB4_8modifier13BasicModifierB1u_EE3newCsixpCcd3N6Ya_3mod
FN:67,_RNvMNtCshvc1CuooLOl_16wgpu_3dgs_editor24non_destructive_modifierINtB2_22NonDestructiveModifierNtNtNtCs4s5mMxNcd3_14wgpu_3dgs_core6buffer8gaussian43GaussianPodWithShSingleCov3dRotScaleConfigsINtNtB4_8modifier13BasicModifierB1u_EE9try_applyCsixpCcd3N6Ya_3mod
FN:118,_RNvXs_NtCshvc1CuooLOl_16wgpu_3dgs_editor24non_destructive_modifierINtB4_22NonDestructiveModifierNtNtNtCs4s5mMxNcd3_14wgpu_3dgs_core6buffer8gaussian43GaussianPodWithShSingleCov3dRotScaleConfigsINtNtB6_8modifier13BasicModifierB1w_EEINtB37_8ModifierB1w_E5applyCsixpCcd3N6Ya_3mod
FN:90,_RINvMNtCshvc1CuooLOl_16wgpu_3dgs_editor24non_destructive_modifierINtB3_22NonDestructiveModifierppE14try_apply_withpEB5_
FN:75,_RNCNvMNtCshvc1CuooLOl_16wgpu_3dgs_editor24non_destructive_modifierINtB4_22NonDestructiveModifierppE9try_apply0B6_
FN:23,_RNvMNtCshvc1CuooLOl_16wgpu_3dgs_editor24non_destructive_modifierINtB2_22NonDestructiveModifierppE3newB4_
FN:67,_RNvMNtCshvc1CuooLOl_16wgpu_3dgs_editor24non_destructive_modifierINtB2_22NonDestructiveModifierppE9try_applyB4_
FN:118,_RNvXININtCshvc1CuooLOl_16wgpu_3dgs_editor24non_destructive_modifiers_0ppEINtB5_22NonDestructiveModifierppEINtNtB7_8modifier8ModifierpE5applyB7_
FN:90,_RINvMNtCsfRa0hmhSDV_16wgpu_3dgs_editor24non_destructive_modifierINtB3_22NonDestructiveModifierppE14try_apply_withpEB5_
FN:75,_RNCNvMNtCsfRa0hmhSDV_16wgpu_3dgs_editor24non_destructive_modifierINtB4_22NonDestructiveModifierppE9try_apply0B6_
FN:23,_RNvMNtCsfRa0hmhSDV_16wgpu_3dgs_editor24non_destructive_modifierINtB2_22NonDestructiveModifierppE3newB4_
FN:67,_RNvMNtCsfRa0hmhSDV_16wgpu_3dgs_editor24non_destructive_modifierINtB2_22NonDestructiveModifierppE9try_applyB4_
FN:118,_RNvXININtCsfRa0hmhSDV_16wgpu_3dgs_editor24non_destructive_modifiers_0ppEINtB5_22NonDestructiveModifierppEINtNtB7_8modifier8ModifierpE5applyB7_
FNDA:5,_RINvMNtCshvc1CuooLOl_16wgpu_3dgs_editor24non_destructive_modifierINtB3_22NonDestructiveModifierNtNtNtCs4s5mMxNcd3_14wgpu_3dgs_core6buffer8gaussian43GaussianPodWithShSingleCov3dRotScaleConfigsINtNtB5_8modifier13BasicModifierB1v_EE14try_apply_withNCNvB2_9try_apply0ECsixpCcd3N6Ya_3mod
FNDA:1,_RINvMNtCshvc1CuooLOl_16wgpu_3dgs_editor24non_destructive_modifierINtB3_22NonDestructiveModifierNtNtNtCs4s5mMxNcd3_14wgpu_3dgs_core6buffer8gaussian43GaussianPodWithShSingleCov3dRotScaleConfigsINtNtB5_8modifier13BasicModifierB1v_EE14try_apply_withNCNvNtNtCsixpCcd3N6Ya_3mod3e2e24non_destructive_modifiers_77test_non_destructive_modifier_try_apply_with_should_use_custom_apply_function0EB43_
FNDA:4,_RNCNvMNtCshvc1CuooLOl_16wgpu_3dgs_editor24non_destructive_modifierINtB4_22NonDestructiveModifierNtNtNtCs4s5mMxNcd3_14wgpu_3dgs_core6buffer8gaussian43GaussianPodWithShSingleCov3dRotScaleConfigsINtNtB6_8modifier13BasicModifierB1w_EE9try_apply0CsixpCcd3N6Ya_3mod
FNDA:7,_RNvMNtCshvc1CuooLOl_16wgpu_3dgs_editor24non_destructive_modifierINtB2_22NonDestructiveModifierNtNtNtCs4s5mMxNcd3_14wgpu_3dgs_core6buffer8gaussian43GaussianPodWithShSingleCov3dRotScaleConfigsINtNtB4_8modifier13BasicModifierB1u_EE3newCsixpCcd3N6Ya_3mod
FNDA:5,_RNvMNtCshvc1CuooLOl_16wgpu_3dgs_editor24non_destructive_modifierINtB2_22NonDestructiveModifierNtNtNtCs4s5mMxNcd3_14wgpu_3dgs_core6buffer8gaussian43GaussianPodWithShSingleCov3dRotScaleConfigsINtNtB4_8modifier13BasicModifierB1u_EE9try_applyCsixpCcd3N6Ya_3mod
FNDA:4,_RNvXs_NtCshvc1CuooLOl_16wgpu_3dgs_editor24non_destructive_modifierINtB4_22NonDestructiveModifierNtNtNtCs4s5mMxNcd3_14wgpu_3dgs_core6buffer8gaussian43GaussianPodWithShSingleCov3dRotScaleConfigsINtNtB6_8modifier13BasicModifierB1w_EEINtB37_8ModifierB1w_E5applyCsixpCcd3N6Ya_3mod
FNDA:0,_RINvMNtCshvc1CuooLOl_16wgpu_3dgs_editor24non_destructive_modifierINtB3_22NonDestructiveModifierppE14try_apply_withpEB5_
FNDA:0,_RNCNvMNtCshvc1CuooLOl_16wgpu_3dgs_editor24non_destructive_modifierINtB4_22NonDestructiveModifierppE9try_apply0B6_
FNDA:0,_RNvMNtCshvc1CuooLOl_16wgpu_3dgs_editor24non_destructive_modifierINtB2_22NonDestructiveModifierppE3newB4_
FNDA:0,_RNvMNtCshvc1CuooLOl_16wgpu_3dgs_editor24non_destructive_modifierINtB2_22NonDestructiveModifierppE9try_applyB4_
FNDA:0,_RNvXININtCshvc1CuooLOl_16wgpu_3dgs_editor24non_destructive_modifiers_0ppEINtB5_22NonDestructiveModifierppEINtNtB7_8modifier8ModifierpE5applyB7_
FNDA:0,_RINvMNtCsfRa0hmhSDV_16wgpu_3dgs_editor24non_destructive_modifierINtB3_22NonDestructiveModifierppE14try_apply_withpEB5_
FNDA:0,_RNCNvMNtCsfRa0hmhSDV_16wgpu_3dgs_editor24non_destructive_modifierINtB4_22NonDestructiveModifierppE9try_apply0B6_
FNDA:0,_RNvMNtCsfRa0hmhSDV_16wgpu_3dgs_editor24non_destructive_modifierINtB2_22NonDestructiveModifierppE3newB4_
FNDA:0,_RNvMNtCsfRa0hmhSDV_16wgpu_3dgs_editor24non_destructive_modifierINtB2_22NonDestructiveModifierppE9try_applyB4_
FNDA:0,_RNvXININtCsfRa0hmhSDV_16wgpu_3dgs_editor24non_destructive_modifiers_0ppEINtB5_22NonDestructiveModifierppEINtNtB7_8modifier8ModifierpE5applyB7_
FNF:5
FNH:5
DA:23,7
DA:24,7
DA:25,7
DA:26,7
DA:27,7
DA:28,7
DA:29,7
DA:30,7
DA:31,7
DA:32,7
DA:34,1
DA:35,6
DA:37,6
DA:38,6
DA:39,6
DA:40,6
DA:43,6
DA:44,6
DA:45,6
DA:47,6
DA:48,6
DA:50,6
DA:52,6
DA:55,6
DA:56,6
DA:58,6
DA:59,6
DA:60,6
DA:61,6
DA:62,7
DA:67,5
DA:68,5
DA:69,5
DA:70,5
DA:71,5
DA:72,5
DA:73,5
DA:74,5
DA:75,5
DA:76,4
DA:77,4
DA:78,4
DA:79,4
DA:80,4
DA:81,4
DA:83,4
DA:84,5
DA:90,6
DA:91,6
DA:92,6
DA:93,6
DA:94,6
DA:95,6
DA:96,6
DA:97,1
DA:98,1
DA:99,1
DA:100,1
DA:101,5
DA:103,5
DA:104,5
DA:106,5
DA:108,5
DA:111,5
DA:113,5
DA:114,6
DA:118,4
DA:119,4
DA:120,4
DA:121,4
DA:122,4
DA:123,4
DA:124,4
DA:125,4
DA:126,4
DA:127,4
DA:128,4
DA:129,4
DA:130,4
DA:131,4
DA:133,4
DA:134,4
BRF:0
BRH:0
LF:83
LH:83
end_of_record
SF:C:\Users\s2010\Me\Codes\Rust\wgpu-3dgs-editor\src\selection.rs
FN:111,_RINvMNtCshvc1CuooLOl_16wgpu_3dgs_editor9selectionNtB3_13SelectionExpr11update_withNCNvNtNtCsixpCcd3N6Ya_3mod3e2e9selections_60test_selection_expr_update_with_should_replace_expr_in_place0EB1q_
FN:111,_RINvMNtCshvc1CuooLOl_16wgpu_3dgs_editor9selectionNtB3_13SelectionExpr11update_withNCNvNtNtCsixpCcd3N6Ya_3mod3e2e9selections_60test_selection_expr_update_with_should_replace_expr_in_places_0EB1q_
FN:774,_RNCNvMs_NtCshvc1CuooLOl_16wgpu_3dgs_editor9selectionINtB6_15SelectionBundleNtNtNtCs4s5mMxNcd3_14wgpu_3dgs_core6buffer8gaussian43GaussianPodWithShSingleCov3dRotScaleConfigsE17create_box_bundle0CsixpCcd3N6Ya_3mod
FN:721,_RNCNvMs_NtCshvc1CuooLOl_16wgpu_3dgs_editor9selectionINtB6_15SelectionBundleNtNtNtCs4s5mMxNcd3_14wgpu_3dgs_core6buffer8gaussian43GaussianPodWithShSingleCov3dRotScaleConfigsE20create_sphere_bundle0CsixpCcd3N6Ya_3mod
FN:668,_RNCNvMs_NtCshvc1CuooLOl_16wgpu_3dgs_editor9selectionINtB6_15SelectionBundleNtNtNtCs4s5mMxNcd3_14wgpu_3dgs_core6buffer8gaussian43GaussianPodWithShSingleCov3dRotScaleConfigsE23create_primitive_bundle0CsixpCcd3N6Ya_3mod
FN:751,_RNvMs_NtCshvc1CuooLOl_16wgpu_3dgs_editor9selectionINtB4_15SelectionBundleNtNtNtCs4s5mMxNcd3_14wgpu_3dgs_core6buffer8gaussian43GaussianPodWithShSingleCov3dRotScaleConfigsE17create_box_bundleCsixpCcd3N6Ya_3mod
FN:698,_RNvMs_NtCshvc1CuooLOl_16wgpu_3dgs_editor9selectionINtB4_15SelectionBundleNtNtNtCs4s5mMxNcd3_14wgpu_3dgs_core6buffer8gaussian43GaussianPodWithShSingleCov3dRotScaleConfigsE20create_sphere_bundleCsixpCcd3N6Ya_3mod
FN:647,_RNvMs_NtCshvc1CuooLOl_16wgpu_3dgs_editor9selectionINtB4_15SelectionBundleNtNtNtCs4s5mMxNcd3_14wgpu_3dgs_core6buffer8gaussian43GaussianPodWithShSingleCov3dRotScaleConfigsE23create_primitive_bundleCsixpCcd3N6Ya_3mod
FN:526,_RNvMs_NtCshvc1CuooLOl_16wgpu_3dgs_editor9selectionINtB4_15SelectionBundleNtNtNtCs4s5mMxNcd3_14wgpu_3dgs_core6buffer8gaussian43GaussianPodWithShSingleCov3dRotScaleConfigsE3newCsixpCcd3N6Ya_3mod
FN:543,_RNvMs_NtCshvc1CuooLOl_16wgpu_3dgs_editor9selectionINtB4_15SelectionBundleNtNtNtCs4s5mMxNcd3_14wgpu_3dgs_core6buffer8gaussian43GaussianPodWithShSingleCov3dRotScaleConfigsE8evaluateCsixpCcd3N6Ya_3mod
FN:86,_RNvMNtCshvc1CuooLOl_16wgpu_3dgs_editor9selectionNtB2_13SelectionExpr10complement
FN:76,_RNvMNtCshvc1CuooLOl_16wgpu_3dgs_editor9selectionNtB2_13SelectionExpr10difference
FN:139,_RNvMNtCshvc1CuooLOl_16wgpu_3dgs_editor9selectionNtB2_13SelectionExpr11is_identity
FN:71,_RNvMNtCshvc1CuooLOl_16wgpu_3dgs_editor9selectionNtB2_13SelectionExpr12intersection
FN:164,_RNvMNtCshvc1CuooLOl_16wgpu_3dgs_editor9selectionNtB2_13SelectionExpr12is_operation
FN:144,_RNvMNtCshvc1CuooLOl_16wgpu_3dgs_editor9selectionNtB2_13SelectionExpr12is_primitive
FN:186,_RNvMNtCshvc1CuooLOl_16wgpu_3dgs_editor9selectionNtB2_13SelectionExpr15custom_op_index
FN:196,_RNvMNtCshvc1CuooLOl_16wgpu_3dgs_editor9selectionNtB2_13SelectionExpr18custom_bind_groups
FN:81,_RNvMNtCshvc1CuooLOl_16wgpu_3dgs_editor9selectionNtB2_13SelectionExpr20symmetric_difference
FN:206,_RNvMNtCshvc1CuooLOl_16wgpu_3dgs_editor9selectionNtB2_13SelectionExpr31custom_op_index_and_bind_groups
FN:91,_RNvMNtCshvc1CuooLOl_16wgpu_3dgs_editor9selectionNtB2_13SelectionExpr5unary
FN:66,_RNvMNtCshvc1CuooLOl_16wgpu_3dgs_editor9selectionNtB2_13SelectionExpr5union
FN:123,_RNvMNtCshvc1CuooLOl_16wgpu_3dgs_editor9selectionNtB2_13SelectionExpr6as_u32
FN:96,_RNvMNtCshvc1CuooLOl_16wgpu_3dgs_editor9selectionNtB2_13SelectionExpr6binary
FN:106,_RNvMNtCshvc1CuooLOl_16wgpu_3dgs_editor9selectionNtB2_13SelectionExpr6buffer
FN:61,_RNvMNtCshvc1CuooLOl_16wgpu_3dgs_editor9selectionNtB2_13SelectionExpr8identity
FN:179,_RNvMNtCshvc1CuooLOl_16wgpu_3dgs_editor9selectionNtB2_13SelectionExpr9is_buffer
FN:156,_RNvMNtCshvc1CuooLOl_16wgpu_3dgs_editor9selectionNtB2_13SelectionExpr9is_custom
FN:101,_RNvMNtCshvc1CuooLOl_16wgpu_3dgs_editor9selectionNtB2_13SelectionExpr9selection
FN:111,_RINvMNtCshvc1CuooLOl_16wgpu_3dgs_editor9selectionNtB3_13SelectionExpr11update_withpEB5_
FN:774,_RNCNvMs_NtCshvc1CuooLOl_16wgpu_3dgs_editor9selectionINtB6_15SelectionBundlepE17create_box_bundle0B8_
FN:721,_RNCNvMs_NtCshvc1CuooLOl_16wgpu_3dgs_editor9selectionINtB6_15SelectionBundlepE20create_sphere_bundle0B8_
FN:668,_RNCNvMs_NtCshvc1CuooLOl_16wgpu_3dgs_editor9selectionINtB6_15SelectionBundlepE23create_primitive_bundle0B8_
FN:751,_RNvMs_NtCshvc1CuooLOl_16wgpu_3dgs_editor9selectionINtB4_15SelectionBundlepE17create_box_bundleB6_
FN:698,_RNvMs_NtCshvc1CuooLOl_16wgpu_3dgs_editor9selectionINtB4_15SelectionBundlepE20create_sphere_bundleB6_
FN:647,_RNvMs_NtCshvc1CuooLOl_16wgpu_3dgs_editor9selectionINtB4_15SelectionBundlepE23create_primitive_bundleB6_
FN:537,_RNvMs_NtCshvc1CuooLOl_16wgpu_3dgs_editor9selectionINtB4_15SelectionBundlepE27gaussians_bind_group_layoutB6_
FN:526,_RNvMs_NtCshvc1CuooLOl_16wgpu_3dgs_editor9selectionINtB4_15SelectionBundlepE3newB6_
FN:543,_RNvMs_NtCshvc1CuooLOl_16wgpu_3dgs_editor9selectionINtB4_15SelectionBundlepE8evaluateB6_
FN:111,_RINvMNtCsfRa0hmhSDV_16wgpu_3dgs_editor9selectionNtB3_13SelectionExpr11update_withpEB5_
FN:774,_RNCNvMs_NtCsfRa0hmhSDV_16wgpu_3dgs_editor9selectionINtB6_15SelectionBundlepE17create_box_bundle0B8_
FN:721,_RNCNvMs_NtCsfRa0hmhSDV_16wgpu_3dgs_editor9selectionINtB6_15SelectionBundlepE20create_sphere_bundle0B8_
FN:668,_RNCNvMs_NtCsfRa0hmhSDV_16wgpu_3dgs_editor9selectionINtB6_15SelectionBundlepE23create_primitive_bundle0B8_
FN:86,_RNvMNtCsfRa0hmhSDV_16wgpu_3dgs_editor9selectionNtB2_13SelectionExpr10complement
FN:76,_RNvMNtCsfRa0hmhSDV_16wgpu_3dgs_editor9selectionNtB2_13SelectionExpr10difference
FN:139,_RNvMNtCsfRa0hmhSDV_16wgpu_3dgs_editor9selectionNtB2_13SelectionExpr11is_identity
FN:71,_RNvMNtCsfRa0hmhSDV_16wgpu_3dgs_editor9selectionNtB2_13SelectionExpr12intersection
FN:164,_RNvMNtCsfRa0hmhSDV_16wgpu_3dgs_editor9selectionNtB2_13SelectionExpr12is_operation
FN:144,_RNvMNtCsfRa0hmhSDV_16wgpu_3dgs_editor9selectionNtB2_13SelectionExpr12is_primitive
FN:186,_RNvMNtCsfRa0hmhSDV_16wgpu_3dgs_editor9selectionNtB2_13SelectionExpr15custom_op_index
FN:196,_RNvMNtCsfRa0hmhSDV_16wgpu_3dgs_editor9selectionNtB2_13SelectionExpr18custom_bind_groups
[...]
FNDA:0,_RNvMs_NtCshvc1CuooLOl_16wgpu_3dgs_editor9selectionINtB4_15SelectionBundlepE27gaussians_bind_group_layoutB6_
FNDA:0,_RNvMs_NtCshvc1CuooLOl_16wgpu_3dgs_editor9selectionINtB4_15SelectionBundlepE3newB6_
FNDA:0,_RNvMs_NtCshvc1CuooLOl_16wgpu_3dgs_editor9selectionINtB4_15SelectionBundlepE8evaluateB6_
FNDA:0,_RINvMNtCsfRa0hmhSDV_16wgpu_3dgs_editor9selectionNtB3_13SelectionExpr11update_withpEB5_
FNDA:0,_RNCNvMs_NtCsfRa0hmhSDV_16wgpu_3dgs_editor9selectionINtB6_15SelectionBundlepE17create_box_bundle0B8_
FNDA:0,_RNCNvMs_NtCsfRa0hmhSDV_16wgpu_3dgs_editor9selectionINtB6_15SelectionBundlepE20create_sphere_bundle0B8_
FNDA:0,_RNCNvMs_NtCsfRa0hmhSDV_16wgpu_3dgs_editor9selectionINtB6_15SelectionBundlepE23create_primitive_bundle0B8_
FNDA:0,_RNvMNtCsfRa0hmhSDV_16wgpu_3dgs_editor9selectionNtB2_13SelectionExpr10complement
FNDA:0,_RNvMNtCsfRa0hmhSDV_16wgpu_3dgs_editor9selectionNtB2_13SelectionExpr10difference
FNDA:0,_RNvMNtCsfRa0hmhSDV_16wgpu_3dgs_editor9selectionNtB2_13SelectionExpr11is_identity
FNDA:0,_RNvMNtCsfRa0hmhSDV_16wgpu_3dgs_editor9selectionNtB2_13SelectionExpr12intersection
FNDA:0,_RNvMNtCsfRa0hmhSDV_16wgpu_3dgs_editor9selectionNtB2_13SelectionExpr12is_operation
FNDA:0,_RNvMNtCsfRa0hmhSDV_16wgpu_3dgs_editor9selectionNtB2_13SelectionExpr12is_primitive
FNDA:0,_RNvMNtCsfRa0hmhSDV_16wgpu_3dgs_editor9selectionNtB2_13SelectionExpr15custom_op_index
FNDA:0,_RNvMNtCsfRa0hmhSDV_16wgpu_3dgs_editor9selectionNtB2_13SelectionExpr18custom_bind_groups
FNDA:0,_RNvMNtCsfRa0hmhSDV_16wgpu_3dgs_editor9selectionNtB2_13SelectionExpr20symmetric_difference
FNDA:0,_RNvMNtCsfRa0hmhSDV_16wgpu_3dgs_editor9selectionNtB2_13SelectionExpr31custom_op_index_and_bind_groups
FNDA:0,_RNvMNtCsfRa0hmhSDV_16wgpu_3dgs_editor9selectionNtB2_13SelectionExpr5unary
FNDA:0,_RNvMNtCsfRa0hmhSDV_16wgpu_3dgs_editor9selectionNtB2_13SelectionExpr5union
FNDA:0,_RNvMNtCsfRa0hmhSDV_16wgpu_3dgs_editor9selectionNtB2_13SelectionExpr6as_u32
FNDA:0,_RNvMNtCsfRa0hmhSDV_16wgpu_3dgs_editor9selectionNtB2_13SelectionExpr6binary
FNDA:0,_RNvMNtCsfRa0hmhSDV_16wgpu_3dgs_editor9selectionNtB2_13SelectionExpr6buffer
FNDA:0,_RNvMNtCsfRa0hmhSDV_16wgpu_3dgs_editor9selectionNtB2_13SelectionExpr8identity
FNDA:0,_RNvMNtCsfRa0hmhSDV_16wgpu_3dgs_editor9selectionNtB2_13SelectionExpr9is_buffer
FNDA:0,_RNvMNtCsfRa0hmhSDV_16wgpu_3dgs_editor9selectionNtB2_13SelectionExpr9is_custom
FNDA:0,_RNvMNtCsfRa0hmhSDV_16wgpu_3dgs_editor9selectionNtB2_13SelectionExpr9selection
FNDA:0,_RNvMs_NtCsfRa0hmhSDV_16wgpu_3dgs_editor9selectionINtB4_15SelectionBundlepE17create_box_bundleB6_
FNDA:0,_RNvMs_NtCsfRa0hmhSDV_16wgpu_3dgs_editor9selectionINtB4_15SelectionBundlepE20create_sphere_bundleB6_
FNDA:0,_RNvMs_NtCsfRa0hmhSDV_16wgpu_3dgs_editor9selectionINtB4_15SelectionBundlepE23create_primitive_bundleB6_
FNDA:0,_RNvMs_NtCsfRa0hmhSDV_16wgpu_3dgs_editor9selectionINtB4_15SelectionBundlepE27gaussians_bind_group_layoutB6_
FNDA:0,_RNvMs_NtCsfRa0hmhSDV_16wgpu_3dgs_editor9selectionINtB4_15SelectionBundlepE3newB6_
FNDA:0,_RNvMs_NtCsfRa0hmhSDV_16wgpu_3dgs_editor9selectionINtB4_15SelectionBundlepE8evaluateB6_
FNDA:0,_RNCNvMs_NtCshvc1CuooLOl_16wgpu_3dgs_editor9selectionINtB6_15SelectionBundleNtNtNtCs4s5mMxNcd3_14wgpu_3dgs_core6buffer8gaussian43GaussianPodWithShSingleCov3dRotScaleConfigsE23create_primitive_bundle0Cs9G3cDZBqt4h_23custom_modify_selection
FNDA:1,_RNvMs_NtCshvc1CuooLOl_16wgpu_3dgs_editor9selectionINtB4_15SelectionBundleNtNtNtCs4s5mMxNcd3_14wgpu_3dgs_core6buffer8gaussian43GaussianPodWithShSingleCov3dRotScaleConfigsE23create_primitive_bundleCs9G3cDZBqt4h_23custom_modify_selection
FNDA:1,_RNvMs_NtCshvc1CuooLOl_16wgpu_3dgs_editor9selectionINtB4_15SelectionBundleNtNtNtCs4s5mMxNcd3_14wgpu_3dgs_core6buffer8gaussian43GaussianPodWithShSingleCov3dRotScaleConfigsE3newCs9G3cDZBqt4h_23custom_modify_selection
FNDA:1,_RNvMs_NtCshvc1CuooLOl_16wgpu_3dgs_editor9selectionINtB4_15SelectionBundleNtNtNtCs4s5mMxNcd3_14wgpu_3dgs_core6buffer8gaussian43GaussianPodWithShSingleCov3dRotScaleConfigsE8evaluateCs9G3cDZBqt4h_23custom_modify_selection
FNDA:0,_RNCNvMs_NtCshvc1CuooLOl_16wgpu_3dgs_editor9selectionINtB6_15SelectionBundleNtNtNtCs4s5mMxNcd3_14wgpu_3dgs_core6buffer8gaussian41GaussianPodWithShSingleCov3dSingleConfigsE17create_box_bundle0CscTudB6GyyAj_16filter_selection
FNDA:0,_RNCNvMs_NtCshvc1CuooLOl_16wgpu_3dgs_editor9selectionINtB6_15SelectionBundleNtNtNtCs4s5mMxNcd3_14wgpu_3dgs_core6buffer8gaussian41GaussianPodWithShSingleCov3dSingleConfigsE20create_sphere_bundle0CscTudB6GyyAj_16filter_selection
FNDA:0,_RNCNvMs_NtCshvc1CuooLOl_16wgpu_3dgs_editor9selectionINtB6_15SelectionBundleNtNtNtCs4s5mMxNcd3_14wgpu_3dgs_core6buffer8gaussian41GaussianPodWithShSingleCov3dSingleConfigsE23create_primitive_bundle0CscTudB6GyyAj_16filter_selection
FNDA:0,_RNvMs_NtCshvc1CuooLOl_16wgpu_3dgs_editor9selectionINtB4_15SelectionBundleNtNtNtCs4s5mMxNcd3_14wgpu_3dgs_core6buffer8gaussian41GaussianPodWithShSingleCov3dSingleConfigsE17create_box_bundleCscTudB6GyyAj_16filter_selection
FNDA:0,_RNvMs_NtCshvc1CuooLOl_16wgpu_3dgs_editor9selectionINtB4_15SelectionBundleNtNtNtCs4s5mMxNcd3_14wgpu_3dgs_core6buffer8gaussian41GaussianPodWithShSingleCov3dSingleConfigsE20create_sphere_bundleCscTudB6GyyAj_16filter_selection
FNDA:0,_RNvMs_NtCshvc1CuooLOl_16wgpu_3dgs_editor9selectionINtB4_15SelectionBundleNtNtNtCs4s5mMxNcd3_14wgpu_3dgs_core6buffer8gaussian41GaussianPodWithShSingleCov3dSingleConfigsE23create_primitive_bundleCscTudB6GyyAj_16filter_selection
FNDA:0,_RNvMs_NtCshvc1CuooLOl_16wgpu_3dgs_editor9selectionINtB4_15SelectionBundleNtNtNtCs4s5mMxNcd3_14wgpu_3dgs_core6buffer8gaussian41GaussianPodWithShSingleCov3dSingleConfigsE3newCscTudB6GyyAj_16filter_selection
FNDA:0,_RNvMs_NtCshvc1CuooLOl_16wgpu_3dgs_editor9selectionINtB4_15SelectionBundleNtNtNtCs4s5mMxNcd3_14wgpu_3dgs_core6buffer8gaussian41GaussianPodWithShSingleCov3dSingleConfigsE8evaluateCscTudB6GyyAj_16filter_selection
FNDA:0,_RNCNvMs_NtCshvc1CuooLOl_16wgpu_3dgs_editor9selectionINtB6_15SelectionBundleNtNtNtCs4s5mMxNcd3_14wgpu_3dgs_core6buffer8gaussian43GaussianPodWithShSingleCov3dRotScaleConfigsE17create_box_bundle0CshTjBx2UwoCL_16modify_selection
FNDA:0,_RNCNvMs_NtCshvc1CuooLOl_16wgpu_3dgs_editor9selectionINtB6_15SelectionBundleNtNtNtCs4s5mMxNcd3_14wgpu_3dgs_core6buffer8gaussian43GaussianPodWithShSingleCov3dRotScaleConfigsE20create_sphere_bundle0CshTjBx2UwoCL_16modify_selection
FNDA:0,_RNCNvMs_NtCshvc1CuooLOl_16wgpu_3dgs_editor9selectionINtB6_15SelectionBundleNtNtNtCs4s5mMxNcd3_14wgpu_3dgs_core6buffer8gaussian43GaussianPodWithShSingleCov3dRotScaleConfigsE23create_primitive_bundle0CshTjBx2UwoCL_16modify_selection
FNDA:0,_RNvMs_NtCshvc1CuooLOl_16wgpu_3dgs_editor9selectionINtB4_15SelectionBundleNtNtNtCs4s5mMxNcd3_14wgpu_3dgs_core6buffer8gaussian43GaussianPodWithShSingleCov3dRotScaleConfigsE17create_box_bundleCshTjBx2UwoCL_16modify_selection
FNDA:0,_RNvMs_NtCshvc1CuooLOl_16wgpu_3dgs_editor9selectionINtB4_15SelectionBundleNtNtNtCs4s5mMxNcd3_14wgpu_3dgs_core6buffer8gaussian43GaussianPodWithShSingleCov3dRotScaleConfigsE20create_sphere_bundleCshTjBx2UwoCL_16modify_selection
FNDA:0,_RNvMs_NtCshvc1CuooLOl_16wgpu_3dgs_editor9selectionINtB4_15SelectionBundleNtNtNtCs4s5mMxNcd3_14wgpu_3dgs_core6buffer8gaussian43GaussianPodWithShSingleCov3dRotScaleConfigsE23create_primitive_bundleCshTjBx2UwoCL_16modify_selection
FNDA:0,_RNvMs_NtCshvc1CuooLOl_16wgpu_3dgs_editor9selectionINtB4_15SelectionBundleNtNtNtCs4s5mMxNcd3_14wgpu_3dgs_core6buffer8gaussian43GaussianPodWithShSingleCov3dRotScaleConfigsE3newCshTjBx2UwoCL_16modify_selection
FNDA:0,_RNvMs_NtCshvc1CuooLOl_16wgpu_3dgs_editor9selectionINtB4_15SelectionBundleNtNtNtCs4s5mMxNcd3_14wgpu_3dgs_core6buffer8gaussian43GaussianPodWithShSingleCov3dRotScaleConfigsE8evaluateCshTjBx2UwoCL_16modify_selection
FNF:29
FNH:25
DA:61,41
DA:62,41
DA:63,41
DA:66,9
DA:67,9
DA:68,9
DA:71,2
DA:72,2
DA:73,2
DA:76,2
DA:77,2
DA:78,2
DA:81,2
DA:82,2
DA:83,2
DA:86,3
DA:87,3
DA:88,3
DA:91,6
DA:92,6
DA:93,6
DA:96,4
DA:97,4
DA:98,4
DA:101,10
DA:102,10
DA:103,10
DA:106,29
DA:107,29
DA:108,29
DA:111,2
DA:112,2
DA:113,2
DA:123,13
DA:124,13
DA:125,1
DA:126,1
DA:127,1
DA:128,1
DA:129,1
DA:130,1
DA:131,1
DA:132,6
DA:133,0
DA:134,0
DA:136,13
DA:139,3
DA:140,3
DA:141,3
DA:144,7
DA:145,2
DA:146,7
DA:153,7
DA:156,5
DA:157,2
DA:158,5
DA:161,5
DA:164,5
DA:165,2
DA:166,5
DA:176,5
DA:179,3
DA:180,3
DA:181,3
DA:186,5
DA:187,5
DA:188,1
DA:189,1
DA:190,3
DA:191,2
DA:193,5
DA:196,8
DA:197,8
DA:198,2
DA:199,2
DA:200,2
DA:201,2
DA:203,8
DA:206,13
DA:207,13
DA:208,1
DA:209,1
DA:210,8
DA:211,5
DA:213,13
DA:526,15
DA:527,15
DA:529,15
DA:530,15
DA:531,15
DA:532,15
DA:533,15
DA:534,15
DA:537,0
DA:538,0
DA:539,0
DA:543,27
DA:544,27
DA:545,27
DA:546,27
DA:547,27
DA:548,27
DA:549,27
DA:550,27
DA:551,27
DA:552,27
DA:553,27
DA:554,1
DA:555,26
DA:556,13
DA:557,13
DA:559,13
DA:561,13
DA:563,13
DA:564,13
DA:566,13
DA:567,13
DA:568,13
DA:569,13
DA:571,13
DA:572,13
DA:574,13
DA:575,1
DA:576,1
DA:577,1
DA:578,1
DA:579,1
DA:580,1
DA:581,1
DA:582,1
DA:583,1
DA:584,1
DA:585,1
DA:586,1
DA:587,1
DA:588,1
DA:589,1
DA:590,1
DA:591,1
DA:592,1
DA:593,1
DA:594,1
DA:595,1
DA:596,1
DA:597,1
DA:598,1
DA:599,1
DA:600,1
DA:601,6
DA:603,0
DA:607,13
DA:608,13
DA:609,13
DA:610,13
DA:612,13
DA:613,13
DA:614,13
DA:615,13
DA:616,13
DA:617,13
DA:618,13
DA:619,13
DA:621,13
DA:623,13
DA:624,5
DA:625,5
DA:626,5
DA:627,5
DA:629,8
DA:630,8
DA:631,8
DA:632,8
DA:633,8
DA:634,8
DA:635,8
DA:636,8
DA:637,8
DA:639,27
DA:647,15
DA:648,15
DA:649,15
DA:650,15
DA:651,15
DA:652,15
DA:653,15
DA:654,15
DA:655,15
DA:657,15
DA:658,15
DA:659,15
DA:660,15
DA:662,15
DA:663,15
DA:664,15
DA:665,15
DA:666,15
DA:667,15
DA:668,15
DA:669,15
DA:670,15
DA:698,3
DA:699,3
DA:700,3
DA:701,3
DA:703,3
DA:704,3
DA:705,3
DA:706,3
DA:707,3
DA:708,3
DA:709,3
DA:710,3
DA:711,3
DA:712,3
DA:714,3
DA:715,3
DA:716,3
DA:717,3
DA:718,3
DA:719,3
DA:720,3
DA:721,3
DA:722,3
DA:723,3
DA:751,1
DA:752,1
DA:753,1
DA:754,1
DA:756,1
DA:757,1
DA:758,1
DA:759,1
DA:760,1
DA:761,1
DA:762,1
DA:763,1
DA:764,1
DA:765,1
DA:767,1
DA:768,1
DA:769,1
DA:770,1
DA:771,1
DA:772,1
DA:773,1
DA:774,1
DA:775,1
DA:776,1
BRF:0
BRH:0
LF:251
LH:242
end_of_record
SF:C:\Users\s2010\Me\Codes\Rust\wgpu-3dgs-editor\src\selection_modifier.rs
FN:215,_RINvMNtCshvc1CuooLOl_16wgpu_3dgs_editor18selection_modifierINtB3_17SelectionModifierNtNtNtCs4s5mMxNcd3_14wgpu_3dgs_core6buffer8gaussian43GaussianPodWithShSingleCov3dRotScaleConfigsINtNtB5_8modifier13BasicModifierB1k_NtB2V_13WithSelectionEE3newNCNvMs0_B3_BV_23new_with_basic_modifier0ECsixpCcd3N6Ya_3mod
FN:215,_RINvMNtCshvc1CuooLOl_16wgpu_3dgs_editor18selection_modifierINtB3_17SelectionModifierNtNtNtCs4s5mMxNcd3_14wgpu_3dgs_core6buffer8gaussian43GaussianPodWithShSingleCov3dRotScaleConfigsINtNtB5_8modifier13BasicModifierB1k_NtB2V_13WithSelectionEE3newNCNvNtNtCsixpCcd3N6Ya_3mod3e2e18selection_modifiers_74test_selection_modifier_apply_should_correctly_select_and_modify_gaussians0EB41_
FN:291,_RNCNvMs0_NtCshvc1CuooLOl_16wgpu_3dgs_editor18selection_modifierINtB7_17SelectionModifierNtNtNtCs4s5mMxNcd3_14wgpu_3dgs_core6buffer8gaussian43GaussianPodWithShSingleCov3dRotScaleConfigsINtNtB9_8modifier13BasicModifierB1o_NtB2Z_13WithSelectionEE23new_with_basic_modifier0CsixpCcd3N6Ya_3mod
FN:280,_RNvMs0_NtCshvc1CuooLOl_16wgpu_3dgs_editor18selection_modifierINtB5_17SelectionModifierNtNtNtCs4s5mMxNcd3_14wgpu_3dgs_core6buffer8gaussian43GaussianPodWithShSingleCov3dRotScaleConfigsINtNtB7_8modifier13BasicModifierB1m_NtB2X_13WithSelectionEE23new_with_basic_modifierCsixpCcd3N6Ya_3mod
FN:242,_RNvXs_NtCshvc1CuooLOl_16wgpu_3dgs_editor18selection_modifierINtB4_17SelectionModifierNtNtNtCs4s5mMxNcd3_14wgpu_3dgs_core6buffer8gaussian43GaussianPodWithShSingleCov3dRotScaleConfigsINtNtB6_8modifier13BasicModifierB1l_NtB2W_13WithSelectionEEINtB2W_8ModifierB1l_E5applyCsixpCcd3N6Ya_3mod
FN:215,_RINvMNtCshvc1CuooLOl_16wgpu_3dgs_editor18selection_modifierINtB3_17SelectionModifierppE3newpEB5_
FN:291,_RNCNvMs0_NtCshvc1CuooLOl_16wgpu_3dgs_editor18selection_modifierINtB7_17SelectionModifierpINtNtB9_8modifier13BasicModifierpNtB1s_13WithSelectionEE23new_with_basic_modifier0B9_
FN:280,_RNvMs0_NtCshvc1CuooLOl_16wgpu_3dgs_editor18selection_modifierINtB5_17SelectionModifierpINtNtB7_8modifier13BasicModifierpNtB1q_13WithSelectionEE23new_with_basic_modifierB7_
FN:242,_RNvXININtCshvc1CuooLOl_16wgpu_3dgs_editor18selection_modifiers_0ppEINtB5_17SelectionModifierppEINtNtB7_8modifier8ModifierpE5applyB7_
FN:215,_RINvMNtCsfRa0hmhSDV_16wgpu_3dgs_editor18selection_modifierINtB3_17SelectionModifierppE3newpEB5_
FN:291,_RNCNvMs0_NtCsfRa0hmhSDV_16wgpu_3dgs_editor18selection_modifierINtB7_17SelectionModifierpINtNtB9_8modifier13BasicModifierpNtB1r_13WithSelectionEE23new_with_basic_modifier0B9_
FN:280,_RNvMs0_NtCsfRa0hmhSDV_16wgpu_3dgs_editor18selection_modifierINtB5_17SelectionModifierpINtNtB7_8modifier13BasicModifierpNtB1p_13WithSelectionEE23new_with_basic_modifierB7_
FN:242,_RNvXININtCsfRa0hmhSDV_16wgpu_3dgs_editor18selection_modifiers_0ppEINtB5_17SelectionModifierppEINtNtB7_8modifier8ModifierpE5applyB7_
FN:215,_RINvMNtCshvc1CuooLOl_16wgpu_3dgs_editor18selection_modifierINtB3_17SelectionModifierNtNtNtCs4s5mMxNcd3_14wgpu_3dgs_core6buffer8gaussian43GaussianPodWithShSingleCov3dRotScaleConfigsNCNCNCNvCs9G3cDZBqt4h_23custom_modify_selection4main0s0_0s_0E3newNCB2W_s0_0EB30_
FN:242,_RNvXs_NtCshvc1CuooLOl_16wgpu_3dgs_editor18selection_modifierINtB4_17SelectionModifierNtNtNtCs4s5mMxNcd3_14wgpu_3dgs_core6buffer8gaussian43GaussianPodWithShSingleCov3dRotScaleConfigsNCNCNCNvCs9G3cDZBqt4h_23custom_modify_selection4main0s0_0s_0EINtNtB6_8modifier8ModifierB1l_E5applyB31_
FN:215,_RINvMNtCshvc1CuooLOl_16wgpu_3dgs_editor18selection_modifierINtB3_17SelectionModifierNtNtNtCs4s5mMxNcd3_14wgpu_3dgs_core6buffer8gaussian43GaussianPodWithShSingleCov3dRotScaleConfigsINtNtB5_8modifier13BasicModifierB1k_NtB2V_13WithSelectionEE3newNCNvMs0_B3_BV_23new_with_basic_modifier0ECshTjBx2UwoCL_16modify_selection
FN:291,_RNCNvMs0_NtCshvc1CuooLOl_16wgpu_3dgs_editor18selection_modifierINtB7_17SelectionModifierNtNtNtCs4s5mMxNcd3_14wgpu_3dgs_core6buffer8gaussian43GaussianPodWithShSingleCov3dRotScaleConfigsINtNtB9_8modifier13BasicModifierB1o_NtB2Z_13WithSelectionEE23new_with_basic_modifier0CshTjBx2UwoCL_16modify_selection
FN:280,_RNvMs0_NtCshvc1CuooLOl_16wgpu_3dgs_editor18selection_modifierINtB5_17SelectionModifierNtNtNtCs4s5mMxNcd3_14wgpu_3dgs_core6buffer8gaussian43GaussianPodWithShSingleCov3dRotScaleConfigsINtNtB7_8modifier13BasicModifierB1m_NtB2X_13WithSelectionEE23new_with_basic_modifierCshTjBx2UwoCL_16modify_selection
FN:242,_RNvXs_NtCshvc1CuooLOl_16wgpu_3dgs_editor18selection_modifierINtB4_17SelectionModifierNtNtNtCs4s5mMxNcd3_14wgpu_3dgs_core6buffer8gaussian43GaussianPodWithShSingleCov3dRotScaleConfigsINtNtB6_8modifier13BasicModifierB1l_NtB2W_13WithSelectionEEINtB2W_8ModifierB1l_E5applyCshTjBx2UwoCL_16modify_selection
FNDA:1,_RINvMNtCshvc1CuooLOl_16wgpu_3dgs_editor18selection_modifierINtB3_17SelectionModifierNtNtNtCs4s5mMxNcd3_14wgpu_3dgs_core6buffer8gaussian43GaussianPodWithShSingleCov3dRotScaleConfigsINtNtB5_8modifier13BasicModifierB1k_NtB2V_13WithSelectionEE3newNCNvMs0_B3_BV_23new_with_basic_modifier0ECsixpCcd3N6Ya_3mod
FNDA:1,_RINvMNtCshvc1CuooLOl_16wgpu_3dgs_editor18selection_modifierINtB3_17SelectionModifierNtNtNtCs4s5mMxNcd3_14wgpu_3dgs_core6buffer8gaussian43GaussianPodWithShSingleCov3dRotScaleConfigsINtNtB5_8modifier13BasicModifierB1k_NtB2V_13WithSelectionEE3newNCNvNtNtCsixpCcd3N6Ya_3mod3e2e18selection_modifiers_74test_selection_modifier_apply_should_correctly_select_and_modify_gaussians0EB41_
FNDA:1,_RNCNvMs0_NtCshvc1CuooLOl_16wgpu_3dgs_editor18selection_modifierINtB7_17SelectionModifierNtNtNtCs4s5mMxNcd3_14wgpu_3dgs_core6buffer8gaussian43GaussianPodWithShSingleCov3dRotScaleConfigsINtNtB9_8modifier13BasicModifierB1o_NtB2Z_13WithSelectionEE23new_with_basic_modifier0CsixpCcd3N6Ya_3mod
FNDA:1,_RNvMs0_NtCshvc1CuooLOl_16wgpu_3dgs_editor18selection_modifierINtB5_17SelectionModifierNtNtNtCs4s5mMxNcd3_14wgpu_3dgs_core6buffer8gaussian43GaussianPodWithShSingleCov3dRotScaleConfigsINtNtB7_8modifier13BasicModifierB1m_NtB2X_13WithSelectionEE23new_with_basic_modifierCsixpCcd3N6Ya_3mod
FNDA:2,_RNvXs_NtCshvc1CuooLOl_16wgpu_3dgs_editor18selection_modifierINtB4_17SelectionModifierNtNtNtCs4s5mMxNcd3_14wgpu_3dgs_core6buffer8gaussian43GaussianPodWithShSingleCov3dRotScaleConfigsINtNtB6_8modifier13BasicModifierB1l_NtB2W_13WithSelectionEEINtB2W_8ModifierB1l_E5applyCsixpCcd3N6Ya_3mod
FNDA:0,_RINvMNtCshvc1CuooLOl_16wgpu_3dgs_editor18selection_modifierINtB3_17SelectionModifierppE3newpEB5_
FNDA:0,_RNCNvMs0_NtCshvc1CuooLOl_16wgpu_3dgs_editor18selection_modifierINtB7_17SelectionModifierpINtNtB9_8modifier13BasicModifierpNtB1s_13WithSelectionEE23new_with_basic_modifier0B9_
FNDA:0,_RNvMs0_NtCshvc1CuooLOl_16wgpu_3dgs_editor18selection_modifierINtB5_17SelectionModifierpINtNtB7_8modifier13BasicModifierpNtB1q_13WithSelectionEE23new_with_basic_modifierB7_
FNDA:0,_RNvXININtCshvc1CuooLOl_16wgpu_3dgs_editor18selection_modifiers_0ppEINtB5_17SelectionModifierppEINtNtB7_8modifier8ModifierpE5applyB7_
FNDA:0,_RINvMNtCsfRa0hmhSDV_16wgpu_3dgs_editor18selection_modifierINtB3_17SelectionModifierppE3newpEB5_
FNDA:0,_RNCNvMs0_NtCsfRa0hmhSDV_16wgpu_3dgs_editor18selection_modifierINtB7_17SelectionModifierpINtNtB9_8modifier13BasicModifierpNtB1r_13WithSelectionEE23new_with_basic_modifier0B9_
FNDA:0,_RNvMs0_NtCsfRa0hmhSDV_16wgpu_3dgs_editor18selection_modifierINtB5_17SelectionModifierpINtNtB7_8modifier13BasicModifierpNtB1p_13WithSelectionEE23new_with_basic_modifierB7_
FNDA:0,_RNvXININtCsfRa0hmhSDV_16wgpu_3dgs_editor18selection_modifiers_0ppEINtB5_17SelectionModifierppEINtNtB7_8modifier8ModifierpE5applyB7_
FNDA:1,_RINvMNtCshvc1CuooLOl_16wgpu_3dgs_editor18selection_modifierINtB3_17SelectionModifierNtNtNtCs4s5mMxNcd3_14wgpu_3dgs_core6buffer8gaussian43GaussianPodWithShSingleCov3dRotScaleConfigsNCNCNCNvCs9G3cDZBqt4h_23custom_modify_selection4main0s0_0s_0E3newNCB2W_s0_0EB30_
FNDA:1,_RNvXs_NtCshvc1CuooLOl_16wgpu_3dgs_editor18selection_modifierINtB4_17SelectionModifierNtNtNtCs4s5mMxNcd3_14wgpu_3dgs_core6buffer8gaussian43GaussianPodWithShSingleCov3dRotScaleConfigsNCNCNCNvCs9G3cDZBqt4h_23custom_modify_selection4main0s0_0s_0EINtNtB6_8modifier8ModifierB1l_E5applyB31_
FNDA:0,_RINvMNtCshvc1CuooLOl_16wgpu_3dgs_editor18selection_modifierINtB3_17SelectionModifierNtNtNtCs4s5mMxNcd3_14wgpu_3dgs_core6buffer8gaussian43GaussianPodWithShSingleCov3dRotScaleConfigsINtNtB5_8modifier13BasicModifierB1k_NtB2V_13WithSelectionEE3newNCNvMs0_B3_BV_23new_with_basic_modifier0ECshTjBx2UwoCL_16modify_selection
FNDA:0,_RNCNvMs0_NtCshvc1CuooLOl_16wgpu_3dgs_editor18selection_modifierINtB7_17SelectionModifierNtNtNtCs4s5mMxNcd3_14wgpu_3dgs_core6buffer8gaussian43GaussianPodWithShSingleCov3dRotScaleConfigsINtNtB9_8modifier13BasicModifierB1o_NtB2Z_13WithSelectionEE23new_with_basic_modifier0CshTjBx2UwoCL_16modify_selection
FNDA:0,_RNvMs0_NtCshvc1CuooLOl_16wgpu_3dgs_editor18selection_modifierINtB5_17SelectionModifierNtNtNtCs4s5mMxNcd3_14wgpu_3dgs_core6buffer8gaussian43GaussianPodWithShSingleCov3dRotScaleConfigsINtNtB7_8modifier13BasicModifierB1m_NtB2X_13WithSelectionEE23new_with_basic_modifierCshTjBx2UwoCL_16modify_selection
FNDA:0,_RNvXs_NtCshvc1CuooLOl_16wgpu_3dgs_editor18selection_modifierINtB4_17SelectionModifierNtNtNtCs4s5mMxNcd3_14wgpu_3dgs_core6buffer8gaussian43GaussianPodWithShSingleCov3dRotScaleConfigsINtNtB6_8modifier13BasicModifierB1l_NtB2W_13WithSelectionEEINtB2W_8ModifierB1l_E5applyCshTjBx2UwoCL_16modify_selection
FNF:4
FNH:4
DA:215,3
DA:216,3
DA:217,3
DA:218,3
DA:219,3
DA:220,3
DA:221,3
DA:222,3
DA:224,3
DA:225,3
DA:227,3
DA:228,3
DA:230,3
DA:232,3
DA:233,3
DA:234,3
DA:235,3
DA:236,3
DA:237,3
DA:238,3
DA:242,3
DA:243,3
DA:244,3
DA:245,3
DA:246,3
DA:247,3
DA:248,3
DA:249,3
DA:250,3
DA:251,3
DA:252,3
DA:253,3
DA:254,3
DA:255,3
DA:256,3
DA:257,3
DA:260,3
DA:261,3
DA:262,3
DA:263,3
DA:264,3
DA:265,3
DA:267,3
DA:280,1
DA:281,1
DA:282,1
DA:283,1
DA:284,1
DA:285,1
DA:286,1
DA:287,1
DA:288,1
DA:289,1
DA:290,1
DA:291,1
DA:292,1
DA:293,1
DA:294,1
DA:295,1
DA:296,1
DA:297,1
DA:299,1
DA:301,1
BRF:0
BRH:0
LF:63
LH:63
end_of_record